{"numFailedTestSuites":13,"numFailedTests":3,"numPassedTestSuites":4,"numPassedTests":67,"numPendingTestSuites":0,"numPendingTests":0,"numRuntimeErrorTestSuites":12,"numTodoTests":0,"numTotalTestSuites":17,"numTotalTests":70,"openHandles":[],"snapshot":{"added":0,"didUpdate":false,"failure":false,"filesAdded":0,"filesRemoved":0,"filesRemovedList":[],"filesUnmatched":0,"filesUpdated":0,"matched":0,"total":0,"unchecked":0,"uncheckedKeysByFile":[],"unmatched":0,"updated":0},"startTime":1715443977803,"success":false,"testResults":[{"assertionResults":[],"coverage":{},"endTime":1715444257443,"message":"  \u001b[1m● \u001b[22mTest suite failed to run\n\n    Your test suite must contain at least one test.\n\n      \u001b[2mat onResult (\u001b[22mnode_modules/@jest/core/build/TestScheduler.js\u001b[2m:133:18)\u001b[22m\n      \u001b[2mat \u001b[22mnode_modules/@jest/core/build/TestScheduler.js\u001b[2m:254:19\u001b[22m\n      \u001b[2mat \u001b[22mnode_modules/emittery/index.js\u001b[2m:363:13\u001b[22m\n          at Array.map (<anonymous>)\n      \u001b[2mat Emittery.emit (\u001b[22mnode_modules/emittery/index.js\u001b[2m:361:23)\u001b[22m\n","name":"E:\\RCHH_Works\\Mr.CholMin\\2024-04-23\\ComponentLibrary\\src\\components\\script-manager\\__tests__\\jest.setup.ts","startTime":1715444257443,"status":"failed","summary":""},{"assertionResults":[{"ancestorTitles":["sum module"],"duration":13,"failureDetails":[],"failureMessages":[],"fullName":"sum module adds 1 + 2 to equal 3","invocations":1,"location":null,"numPassingAsserts":1,"retryReasons":[],"status":"passed","title":"adds 1 + 2 to equal 3"}],"endTime":1715444039929,"message":"","name":"E:\\RCHH_Works\\Mr.CholMin\\2024-04-23\\ComponentLibrary\\src\\components\\Button\\tests\\sum.test.tsx","startTime":1715443988811,"status":"passed","summary":""},{"assertionResults":[],"coverage":{},"endTime":1715444257443,"message":"  \u001b[1m● \u001b[22mTest suite failed to run\n\n    Your test suite must contain at least one test.\n\n      \u001b[2mat onResult (\u001b[22mnode_modules/@jest/core/build/TestScheduler.js\u001b[2m:133:18)\u001b[22m\n      \u001b[2mat \u001b[22mnode_modules/@jest/core/build/TestScheduler.js\u001b[2m:254:19\u001b[22m\n      \u001b[2mat \u001b[22mnode_modules/emittery/index.js\u001b[2m:363:13\u001b[22m\n          at Array.map (<anonymous>)\n      \u001b[2mat Emittery.emit (\u001b[22mnode_modules/emittery/index.js\u001b[2m:361:23)\u001b[22m\n","name":"E:\\RCHH_Works\\Mr.CholMin\\2024-04-23\\ComponentLibrary\\src\\components\\rfAttribute\\__tests__\\jest.setup.ts","startTime":1715444257443,"status":"failed","summary":""},{"assertionResults":[],"coverage":{},"endTime":1715444257443,"message":"  \u001b[1m● \u001b[22mTest suite failed to run\n\n    Your test suite must contain at least one test.\n\n      \u001b[2mat onResult (\u001b[22mnode_modules/@jest/core/build/TestScheduler.js\u001b[2m:133:18)\u001b[22m\n      \u001b[2mat \u001b[22mnode_modules/@jest/core/build/TestScheduler.js\u001b[2m:254:19\u001b[22m\n      \u001b[2mat \u001b[22mnode_modules/emittery/index.js\u001b[2m:363:13\u001b[22m\n          at Array.map (<anonymous>)\n      \u001b[2mat Emittery.emit (\u001b[22mnode_modules/emittery/index.js\u001b[2m:361:23)\u001b[22m\n","name":"E:\\RCHH_Works\\Mr.CholMin\\2024-04-23\\ComponentLibrary\\src\\components\\link-budget\\__tests__\\mockData.ts","startTime":1715444257443,"status":"failed","summary":""},{"assertionResults":[],"coverage":{},"endTime":1715444257443,"message":"  \u001b[1m● \u001b[22mTest suite failed to run\n\n    \u001b[96msrc/components/link-budget/__tests__/link-budget-1.test.tsx\u001b[0m:\u001b[93m38\u001b[0m:\u001b[93m18\u001b[0m - \u001b[91merror\u001b[0m\u001b[90m TS2686: \u001b[0m'React' refers to a UMD global, but the current file is a module. Consider adding an import instead.\n\n    \u001b[7m38\u001b[0m                 <LinkBudget\n    \u001b[7m  \u001b[0m \u001b[91m                 ~~~~~~~~~~\u001b[0m\n    \u001b[96msrc/components/link-budget/__tests__/link-budget-1.test.tsx\u001b[0m:\u001b[93m43\u001b[0m:\u001b[93m21\u001b[0m - \u001b[91merror\u001b[0m\u001b[90m TS2740: \u001b[0mType '{ names: { id: number; name: string; updatedAt: string; }[]; }' is missing the following properties from type 'DatasetName[]': length, pop, push, concat, and 35 more.\n\n    \u001b[7m43\u001b[0m                     linkBudgetDatasetNames={mockDatasetNames}\n    \u001b[7m  \u001b[0m \u001b[91m                    ~~~~~~~~~~~~~~~~~~~~~~\u001b[0m\n\n      \u001b[96msrc/components/link-budget/types/LinkBudgetTypes.ts\u001b[0m:\u001b[93m145\u001b[0m:\u001b[93m5\u001b[0m\n        \u001b[7m145\u001b[0m     linkBudgetDatasetNames: DatasetName[],\n        \u001b[7m   \u001b[0m \u001b[96m    ~~~~~~~~~~~~~~~~~~~~~~\u001b[0m\n        The expected type comes from property 'linkBudgetDatasetNames' which is declared here on type 'IntrinsicAttributes & LinkBudgetParams'\n","name":"E:\\RCHH_Works\\Mr.CholMin\\2024-04-23\\ComponentLibrary\\src\\components\\link-budget\\__tests__\\link-budget-1.test.tsx","startTime":1715444257443,"status":"failed","summary":""},{"assertionResults":[],"coverage":{},"endTime":1715444257443,"message":"  \u001b[1m● \u001b[22mTest suite failed to run\n\n    \u001b[96msrc/components/script-manager/__tests__/script-manager.test.tsx\u001b[0m:\u001b[93m24\u001b[0m:\u001b[93m17\u001b[0m - \u001b[91merror\u001b[0m\u001b[90m TS2686: \u001b[0m'React' refers to a UMD global, but the current file is a module. Consider adding an import instead.\n\n    \u001b[7m24\u001b[0m         render(<ScriptManager />);\n    \u001b[7m  \u001b[0m \u001b[91m                ~~~~~~~~~~~~~\u001b[0m\n","name":"E:\\RCHH_Works\\Mr.CholMin\\2024-04-23\\ComponentLibrary\\src\\components\\script-manager\\__tests__\\script-manager.test.tsx","startTime":1715444257443,"status":"failed","summary":""},{"assertionResults":[],"coverage":{},"endTime":1715444257443,"message":"  \u001b[1m● \u001b[22mTest suite failed to run\n\n    \u001b[96msrc/components/link-budget/__tests__/link-budget-old.test.tsx\u001b[0m:\u001b[93m41\u001b[0m:\u001b[93m21\u001b[0m - \u001b[91merror\u001b[0m\u001b[90m TS2686: \u001b[0m'React' refers to a UMD global, but the current file is a module. Consider adding an import instead.\n\n    \u001b[7m41\u001b[0m             render(<LinkBudgetComponent\n    \u001b[7m  \u001b[0m \u001b[91m                    ~~~~~~~~~~~~~~~~~~~\u001b[0m\n    \u001b[96msrc/components/link-budget/__tests__/link-budget-old.test.tsx\u001b[0m:\u001b[93m59\u001b[0m:\u001b[93m21\u001b[0m - \u001b[91merror\u001b[0m\u001b[90m TS2686: \u001b[0m'React' refers to a UMD global, but the current file is a module. Consider adding an import instead.\n\n    \u001b[7m59\u001b[0m             render(<LinkBudgetComponent\n    \u001b[7m  \u001b[0m \u001b[91m                    ~~~~~~~~~~~~~~~~~~~\u001b[0m\n    \u001b[96msrc/components/link-budget/__tests__/link-budget-old.test.tsx\u001b[0m:\u001b[93m182\u001b[0m:\u001b[93m21\u001b[0m - \u001b[91merror\u001b[0m\u001b[90m TS2686: \u001b[0m'React' refers to a UMD global, but the current file is a module. Consider adding an import instead.\n\n    \u001b[7m182\u001b[0m             render(<LinkBudgetComponent\n    \u001b[7m   \u001b[0m \u001b[91m                    ~~~~~~~~~~~~~~~~~~~\u001b[0m\n    \u001b[96msrc/components/link-budget/__tests__/link-budget-old.test.tsx\u001b[0m:\u001b[93m363\u001b[0m:\u001b[93m21\u001b[0m - \u001b[91merror\u001b[0m\u001b[90m TS2686: \u001b[0m'React' refers to a UMD global, but the current file is a module. Consider adding an import instead.\n\n    \u001b[7m363\u001b[0m             render(<LinkBudgetComponent\n    \u001b[7m   \u001b[0m \u001b[91m                    ~~~~~~~~~~~~~~~~~~~\u001b[0m\n","name":"E:\\RCHH_Works\\Mr.CholMin\\2024-04-23\\ComponentLibrary\\src\\components\\link-budget\\__tests__\\link-budget-old.test.tsx","startTime":1715444257443,"status":"failed","summary":""},{"assertionResults":[],"coverage":{},"endTime":1715444257443,"message":"  \u001b[1m● \u001b[22mTest suite failed to run\n\n    Your test suite must contain at least one test.\n\n      \u001b[2mat onResult (\u001b[22mnode_modules/@jest/core/build/TestScheduler.js\u001b[2m:133:18)\u001b[22m\n      \u001b[2mat \u001b[22mnode_modules/@jest/core/build/TestScheduler.js\u001b[2m:254:19\u001b[22m\n      \u001b[2mat \u001b[22mnode_modules/emittery/index.js\u001b[2m:363:13\u001b[22m\n          at Array.map (<anonymous>)\n      \u001b[2mat Emittery.emit (\u001b[22mnode_modules/emittery/index.js\u001b[2m:361:23)\u001b[22m\n","name":"E:\\RCHH_Works\\Mr.CholMin\\2024-04-23\\ComponentLibrary\\src\\components\\data-viewer\\__tests__\\mockData.ts","startTime":1715444257443,"status":"failed","summary":""},{"assertionResults":[],"coverage":{},"endTime":1715444257443,"message":"  \u001b[1m● \u001b[22mTest suite failed to run\n\n    Your test suite must contain at least one test.\n\n      \u001b[2mat onResult (\u001b[22mnode_modules/@jest/core/build/TestScheduler.js\u001b[2m:133:18)\u001b[22m\n      \u001b[2mat \u001b[22mnode_modules/@jest/core/build/TestScheduler.js\u001b[2m:254:19\u001b[22m\n      \u001b[2mat \u001b[22mnode_modules/emittery/index.js\u001b[2m:363:13\u001b[22m\n          at Array.map (<anonymous>)\n      \u001b[2mat Emittery.emit (\u001b[22mnode_modules/emittery/index.js\u001b[2m:361:23)\u001b[22m\n","name":"E:\\RCHH_Works\\Mr.CholMin\\2024-04-23\\ComponentLibrary\\src\\components\\data-viewer\\__tests__\\jest.setup.ts","startTime":1715444257443,"status":"failed","summary":""},{"assertionResults":[],"coverage":{},"endTime":1715444257443,"message":"  \u001b[1m● \u001b[22mTest suite failed to run\n\n    Your test suite must contain at least one test.\n\n      \u001b[2mat onResult (\u001b[22mnode_modules/@jest/core/build/TestScheduler.js\u001b[2m:133:18)\u001b[22m\n      \u001b[2mat \u001b[22mnode_modules/@jest/core/build/TestScheduler.js\u001b[2m:254:19\u001b[22m\n      \u001b[2mat \u001b[22mnode_modules/emittery/index.js\u001b[2m:363:13\u001b[22m\n          at Array.map (<anonymous>)\n      \u001b[2mat Emittery.emit (\u001b[22mnode_modules/emittery/index.js\u001b[2m:361:23)\u001b[22m\n","name":"E:\\RCHH_Works\\Mr.CholMin\\2024-04-23\\ComponentLibrary\\src\\components\\link-budget\\__tests__\\jest.setup.ts","startTime":1715444257443,"status":"failed","summary":""},{"assertionResults":[],"coverage":{},"endTime":1715444257443,"message":"  \u001b[1m● \u001b[22mTest suite failed to run\n\n    Your test suite must contain at least one test.\n\n      \u001b[2mat onResult (\u001b[22mnode_modules/@jest/core/build/TestScheduler.js\u001b[2m:133:18)\u001b[22m\n      \u001b[2mat \u001b[22mnode_modules/@jest/core/build/TestScheduler.js\u001b[2m:254:19\u001b[22m\n      \u001b[2mat \u001b[22mnode_modules/emittery/index.js\u001b[2m:363:13\u001b[22m\n          at Array.map (<anonymous>)\n      \u001b[2mat Emittery.emit (\u001b[22mnode_modules/emittery/index.js\u001b[2m:361:23)\u001b[22m\n","name":"E:\\RCHH_Works\\Mr.CholMin\\2024-04-23\\ComponentLibrary\\src\\components\\connect-account-setup-guide\\__tests__\\jest.setup.ts","startTime":1715444257443,"status":"failed","summary":""},{"assertionResults":[],"coverage":{},"endTime":1715444257443,"message":"  \u001b[1m● \u001b[22mTest suite failed to run\n\n    \u001b[96msrc/components/data-viewer/__tests__/data-viewer.test.tsx\u001b[0m:\u001b[93m28\u001b[0m:\u001b[93m17\u001b[0m - \u001b[91merror\u001b[0m\u001b[90m TS2686: \u001b[0m'React' refers to a UMD global, but the current file is a module. Consider adding an import instead.\n\n    \u001b[7m28\u001b[0m         render(<DataViewer />);\n    \u001b[7m  \u001b[0m \u001b[91m                ~~~~~~~~~~\u001b[0m\n    \u001b[96msrc/components/data-viewer/__tests__/data-viewer.test.tsx\u001b[0m:\u001b[93m250\u001b[0m:\u001b[93m14\u001b[0m - \u001b[91merror\u001b[0m\u001b[90m TS2686: \u001b[0m'React' refers to a UMD global, but the current file is a module. Consider adding an import instead.\n\n    \u001b[7m250\u001b[0m             <ColumnFilterModal\n    \u001b[7m   \u001b[0m \u001b[91m             ~~~~~~~~~~~~~~~~~\u001b[0m\n    \u001b[96msrc/components/data-viewer/__tests__/data-viewer.test.tsx\u001b[0m:\u001b[93m273\u001b[0m:\u001b[93m14\u001b[0m - \u001b[91merror\u001b[0m\u001b[90m TS2686: \u001b[0m'React' refers to a UMD global, but the current file is a module. Consider adding an import instead.\n\n    \u001b[7m273\u001b[0m             <ColumnFilterModal\n    \u001b[7m   \u001b[0m \u001b[91m             ~~~~~~~~~~~~~~~~~\u001b[0m\n","name":"E:\\RCHH_Works\\Mr.CholMin\\2024-04-23\\ComponentLibrary\\src\\components\\data-viewer\\__tests__\\data-viewer.test.tsx","startTime":1715444257443,"status":"failed","summary":""},{"assertionResults":[],"coverage":{},"endTime":1715444257443,"message":"  \u001b[1m● \u001b[22mTest suite failed to run\n\n    \u001b[96msrc/components/connect-account-setup-guide/__tests__/ConnectAccountSetupGuide.test.tsx\u001b[0m:\u001b[93m19\u001b[0m:\u001b[93m17\u001b[0m - \u001b[91merror\u001b[0m\u001b[90m TS2686: \u001b[0m'React' refers to a UMD global, but the current file is a module. Consider adding an import instead.\n\n    \u001b[7m19\u001b[0m         render(<ConnectAccountSetupGuide />);\n    \u001b[7m  \u001b[0m \u001b[91m                ~~~~~~~~~~~~~~~~~~~~~~~~\u001b[0m\n    \u001b[96msrc/components/connect-account-setup-guide/__tests__/ConnectAccountSetupGuide.test.tsx\u001b[0m:\u001b[93m122\u001b[0m:\u001b[93m17\u001b[0m - \u001b[91merror\u001b[0m\u001b[90m TS2686: \u001b[0m'React' refers to a UMD global, but the current file is a module. Consider adding an import instead.\n\n    \u001b[7m122\u001b[0m         render(<AwsRegisterForm />);\n    \u001b[7m   \u001b[0m \u001b[91m                ~~~~~~~~~~~~~~~\u001b[0m\n    \u001b[96msrc/components/connect-account-setup-guide/__tests__/ConnectAccountSetupGuide.test.tsx\u001b[0m:\u001b[93m220\u001b[0m:\u001b[93m40\u001b[0m - \u001b[91merror\u001b[0m\u001b[90m TS2686: \u001b[0m'React' refers to a UMD global, but the current file is a module. Consider adding an import instead.\n\n    \u001b[7m220\u001b[0m         const { getByText } =  render(<AwsResources onCompleted={onCompletedMock} />);\n    \u001b[7m   \u001b[0m \u001b[91m                                       ~~~~~~~~~~~~\u001b[0m\n    \u001b[96msrc/components/connect-account-setup-guide/__tests__/ConnectAccountSetupGuide.test.tsx\u001b[0m:\u001b[93m226\u001b[0m:\u001b[93m41\u001b[0m - \u001b[91merror\u001b[0m\u001b[90m TS2686: \u001b[0m'React' refers to a UMD global, but the current file is a module. Consider adding an import instead.\n\n    \u001b[7m226\u001b[0m         const { getByTestId } = render(<AwsResources onCompleted={onCompletedMock} />);\n    \u001b[7m   \u001b[0m \u001b[91m                                        ~~~~~~~~~~~~\u001b[0m\n    \u001b[96msrc/components/connect-account-setup-guide/__tests__/ConnectAccountSetupGuide.test.tsx\u001b[0m:\u001b[93m247\u001b[0m:\u001b[93m40\u001b[0m - \u001b[91merror\u001b[0m\u001b[90m TS2686: \u001b[0m'React' refers to a UMD global, but the current file is a module. Consider adding an import instead.\n\n    \u001b[7m247\u001b[0m         const { findByText } = render(<AwsAccountVerify onCompleted={onCompletedMock} />);\n    \u001b[7m   \u001b[0m \u001b[91m                                       ~~~~~~~~~~~~~~~~\u001b[0m\n    \u001b[96msrc/components/connect-account-setup-guide/__tests__/ConnectAccountSetupGuide.test.tsx\u001b[0m:\u001b[93m261\u001b[0m:\u001b[93m17\u001b[0m - \u001b[91merror\u001b[0m\u001b[90m TS2686: \u001b[0m'React' refers to a UMD global, but the current file is a module. Consider adding an import instead.\n\n    \u001b[7m261\u001b[0m         render(<AwsAccountVerify onCompleted={() => {}} />);\n    \u001b[7m   \u001b[0m \u001b[91m                ~~~~~~~~~~~~~~~~\u001b[0m\n    \u001b[96msrc/components/connect-account-setup-guide/__tests__/ConnectAccountSetupGuide.test.tsx\u001b[0m:\u001b[93m278\u001b[0m:\u001b[93m39\u001b[0m - \u001b[91merror\u001b[0m\u001b[90m TS2686: \u001b[0m'React' refers to a UMD global, but the current file is a module. Consider adding an import instead.\n\n    \u001b[7m278\u001b[0m         const { getByText } = render(<AzureRegisterForm />);\n    \u001b[7m   \u001b[0m \u001b[91m                                      ~~~~~~~~~~~~~~~~~\u001b[0m\n    \u001b[96msrc/components/connect-account-setup-guide/__tests__/ConnectAccountSetupGuide.test.tsx\u001b[0m:\u001b[93m289\u001b[0m:\u001b[93m55\u001b[0m - \u001b[91merror\u001b[0m\u001b[90m TS2686: \u001b[0m'React' refers to a UMD global, but the current file is a module. Consider adding an import instead.\n\n    \u001b[7m289\u001b[0m         const { getByText, getByLabelText } = render(<AzureRegisterForm />);\n    \u001b[7m   \u001b[0m \u001b[91m                                                      ~~~~~~~~~~~~~~~~~\u001b[0m\n    \u001b[96msrc/components/connect-account-setup-guide/__tests__/ConnectAccountSetupGuide.test.tsx\u001b[0m:\u001b[93m316\u001b[0m:\u001b[93m40\u001b[0m - \u001b[91merror\u001b[0m\u001b[90m TS2686: \u001b[0m'React' refers to a UMD global, but the current file is a module. Consider adding an import instead.\n\n    \u001b[7m316\u001b[0m         const { getByText } =  render(<AzureResources onCompleted={onCompletedMock} />);\n    \u001b[7m   \u001b[0m \u001b[91m                                       ~~~~~~~~~~~~~~\u001b[0m\n    \u001b[96msrc/components/connect-account-setup-guide/__tests__/ConnectAccountSetupGuide.test.tsx\u001b[0m:\u001b[93m322\u001b[0m:\u001b[93m41\u001b[0m - \u001b[91merror\u001b[0m\u001b[90m TS2686: \u001b[0m'React' refers to a UMD global, but the current file is a module. Consider adding an import instead.\n\n    \u001b[7m322\u001b[0m         const { getByTestId } = render(<AzureResources onCompleted={onCompletedMock} />);\n    \u001b[7m   \u001b[0m \u001b[91m                                        ~~~~~~~~~~~~~~\u001b[0m\n    \u001b[96msrc/components/connect-account-setup-guide/__tests__/ConnectAccountSetupGuide.test.tsx\u001b[0m:\u001b[93m333\u001b[0m:\u001b[93m39\u001b[0m - \u001b[91merror\u001b[0m\u001b[90m TS2686: \u001b[0m'React' refers to a UMD global, but the current file is a module. Consider adding an import instead.\n\n    \u001b[7m333\u001b[0m         const { getByText } = render(<AzureAccountVerify onCompleted={() => {}} />);\n    \u001b[7m   \u001b[0m \u001b[91m                                      ~~~~~~~~~~~~~~~~~~\u001b[0m\n    \u001b[96msrc/components/connect-account-setup-guide/__tests__/ConnectAccountSetupGuide.test.tsx\u001b[0m:\u001b[93m355\u001b[0m:\u001b[93m39\u001b[0m - \u001b[91merror\u001b[0m\u001b[90m TS2686: \u001b[0m'React' refers to a UMD global, but the current file is a module. Consider adding an import instead.\n\n    \u001b[7m355\u001b[0m         const { getByText } = render(<AzureAccountVerify onCompleted={() => {}} />);\n    \u001b[7m   \u001b[0m \u001b[91m                                      ~~~~~~~~~~~~~~~~~~\u001b[0m\n","name":"E:\\RCHH_Works\\Mr.CholMin\\2024-04-23\\ComponentLibrary\\src\\components\\connect-account-setup-guide\\__tests__\\ConnectAccountSetupGuide.test.tsx","startTime":1715444257443,"status":"failed","summary":""},{"assertionResults":[{"ancestorTitles":[],"duration":7,"failureDetails":[],"failureMessages":[],"fullName":"use jsdom in this test file","invocations":1,"location":null,"numPassingAsserts":1,"retryReasons":[],"status":"passed","title":"use jsdom in this test file"},{"ancestorTitles":[],"duration":322,"failureDetails":[],"failureMessages":[],"fullName":"Test for Button Rendering Correctly","invocations":1,"location":null,"numPassingAsserts":0,"retryReasons":[],"status":"passed","title":"Test for Button Rendering Correctly"},{"ancestorTitles":[],"duration":50,"failureDetails":[],"failureMessages":[],"fullName":"Test for checking if there is text in the button when there should be","invocations":1,"location":null,"numPassingAsserts":1,"retryReasons":[],"status":"passed","title":"Test for checking if there is text in the button when there should be"},{"ancestorTitles":[],"duration":18,"failureDetails":[],"failureMessages":[],"fullName":"Test making a function and clicking the button","invocations":1,"location":null,"numPassingAsserts":1,"retryReasons":[],"status":"passed","title":"Test making a function and clicking the button"}],"endTime":1715444074287,"message":"","name":"E:\\RCHH_Works\\Mr.CholMin\\2024-04-23\\ComponentLibrary\\src\\components\\Button\\tests\\Button.test.tsx","startTime":1715443988808,"status":"passed","summary":""},{"assertionResults":[{"ancestorTitles":[],"duration":990,"failureDetails":[],"failureMessages":[],"fullName":"Empty Data set Display only title column","invocations":1,"location":null,"numPassingAsserts":10,"retryReasons":[],"status":"passed","title":"Empty Data set Display only title column"},{"ancestorTitles":[],"duration":73,"failureDetails":[],"failureMessages":[],"fullName":"Data set of size 1 displays title column and single data column & // - The title column lists all groups with the group name as the top row, followed by the items in the group as determined by the row definition","invocations":1,"location":null,"numPassingAsserts":27,"retryReasons":[],"status":"passed","title":"Data set of size 1 displays title column and single data column & // - The title column lists all groups with the group name as the top row, followed by the items in the group as determined by the row definition"},{"ancestorTitles":["ComparisonTable with dataitems"],"duration":108,"failureDetails":[],"failureMessages":[],"fullName":"ComparisonTable with dataitems An unpinned data column has a \"pin\" icon next to the column title","invocations":1,"location":null,"numPassingAsserts":2,"retryReasons":[],"status":"passed","title":"An unpinned data column has a \"pin\" icon next to the column title"},{"ancestorTitles":["ComparisonTable with dataitems"],"duration":90,"failureDetails":[],"failureMessages":[],"fullName":"ComparisonTable with dataitems A pinned data column as a \"unpin\" icon next to the column title","invocations":1,"location":null,"numPassingAsserts":2,"retryReasons":[],"status":"passed","title":"A pinned data column as a \"unpin\" icon next to the column title"},{"ancestorTitles":["ComparisonTable with dataitems"],"duration":97,"failureDetails":[],"failureMessages":[],"fullName":"ComparisonTable with dataitems Clicking the \"pin\" icon on a data column calls the \"onPin\" prop","invocations":1,"location":null,"numPassingAsserts":1,"retryReasons":[],"status":"passed","title":"Clicking the \"pin\" icon on a data column calls the \"onPin\" prop"},{"ancestorTitles":["ComparisonTable with dataitems"],"duration":78,"failureDetails":[],"failureMessages":[],"fullName":"ComparisonTable with dataitems Clicking the \"unpin\" icon calls the \"onRemovePin\" prop","invocations":1,"location":null,"numPassingAsserts":1,"retryReasons":[],"status":"passed","title":"Clicking the \"unpin\" icon calls the \"onRemovePin\" prop"},{"ancestorTitles":["ComparisonTable with dataitems"],"duration":137,"failureDetails":[],"failureMessages":[],"fullName":"ComparisonTable with dataitems Clicking the menu button opens the menu","invocations":1,"location":null,"numPassingAsserts":6,"retryReasons":[],"status":"passed","title":"Clicking the menu button opens the menu"},{"ancestorTitles":["ComparisonTable with dataitems"],"duration":145,"failureDetails":[],"failureMessages":[],"fullName":"ComparisonTable with dataitems Compressing table causes data column n to hide input if column n-1 has the same input where n=1","invocations":1,"location":null,"numPassingAsserts":2,"retryReasons":[],"status":"passed","title":"Compressing table causes data column n to hide input if column n-1 has the same input where n=1"},{"ancestorTitles":[],"duration":118,"failureDetails":[],"failureMessages":[],"fullName":"Selecting \"compress table\" in the menu calls the \"inputsAreEqual\" function when the data set is at least length 2","invocations":1,"location":null,"numPassingAsserts":2,"retryReasons":[],"status":"passed","title":"Selecting \"compress table\" in the menu calls the \"inputsAreEqual\" function when the data set is at least length 2"},{"ancestorTitles":[],"duration":215,"failureDetails":[],"failureMessages":[],"fullName":"Compressing table causes data column n to hide input if column n-1 has the same input where n=3","invocations":1,"location":null,"numPassingAsserts":3,"retryReasons":[],"status":"passed","title":"Compressing table causes data column n to hide input if column n-1 has the same input where n=3"},{"ancestorTitles":[],"duration":121,"failureDetails":[],"failureMessages":[],"fullName":"Compressing table does not cause data column n to hide if column n-1 has different input where n=1","invocations":1,"location":null,"numPassingAsserts":3,"retryReasons":[],"status":"passed","title":"Compressing table does not cause data column n to hide if column n-1 has different input where n=1"},{"ancestorTitles":[],"duration":142,"failureDetails":[],"failureMessages":[],"fullName":"Compressing table does not cause data column n to hide if column n-1 has different input where n=2","invocations":1,"location":null,"numPassingAsserts":3,"retryReasons":[],"status":"passed","title":"Compressing table does not cause data column n to hide if column n-1 has different input where n=2"},{"ancestorTitles":["Sorting"],"duration":88,"failureDetails":[],"failureMessages":[],"fullName":"Sorting By default data columns are ordered in the same way as they are passed in through props","invocations":1,"location":null,"numPassingAsserts":3,"retryReasons":[],"status":"passed","title":"By default data columns are ordered in the same way as they are passed in through props"},{"ancestorTitles":["Sorting"],"duration":127,"failureDetails":[],"failureMessages":[],"fullName":"Sorting Providing a list to the \"sortingOptions\" prop has all values display in the \"Rank by\" submenu","invocations":1,"location":null,"numPassingAsserts":3,"retryReasons":[],"status":"passed","title":"Providing a list to the \"sortingOptions\" prop has all values display in the \"Rank by\" submenu"},{"ancestorTitles":["Sorting"],"duration":168,"failureDetails":[],"failureMessages":[],"fullName":"Sorting Selecting a sorting option will call the paired sorting function for each render while selected ","invocations":1,"location":null,"numPassingAsserts":7,"retryReasons":[],"status":"passed","title":"Selecting a sorting option will call the paired sorting function for each render while selected "},{"ancestorTitles":["Sorting"],"duration":171,"failureDetails":[],"failureMessages":[],"fullName":"Sorting Deselecting a sorting option restores the original order of the data columns","invocations":1,"location":null,"numPassingAsserts":7,"retryReasons":[],"status":"passed","title":"Deselecting a sorting option restores the original order of the data columns"},{"ancestorTitles":["Sorting"],"duration":151,"failureDetails":[],"failureMessages":[],"fullName":"Sorting With some sort selected, compressing table causes data column n to hide input if column n-1 has the same input where n=3","invocations":1,"location":null,"numPassingAsserts":4,"retryReasons":[],"status":"passed","title":"With some sort selected, compressing table causes data column n to hide input if column n-1 has the same input where n=3"},{"ancestorTitles":["Sorting"],"duration":172,"failureDetails":[],"failureMessages":[],"fullName":"Sorting With some sort selected, compressing table does not cause data column n to hide if column n-1 has different input where n=1","invocations":1,"location":null,"numPassingAsserts":4,"retryReasons":[],"status":"passed","title":"With some sort selected, compressing table does not cause data column n to hide if column n-1 has different input where n=1"},{"ancestorTitles":["Sorting"],"duration":172,"failureDetails":[],"failureMessages":[],"fullName":"Sorting With some sort selected, compressing table does not cause data column n to hide if column n-1 has different input where n=2","invocations":1,"location":null,"numPassingAsserts":4,"retryReasons":[],"status":"passed","title":"With some sort selected, compressing table does not cause data column n to hide if column n-1 has different input where n=2"},{"ancestorTitles":["Sorting"],"duration":145,"failureDetails":[],"failureMessages":[],"fullName":"Sorting With some sort selected, compressing table causes data column n to hide input if column n-1 has the same input where n=1","invocations":1,"location":null,"numPassingAsserts":4,"retryReasons":[],"status":"passed","title":"With some sort selected, compressing table causes data column n to hide input if column n-1 has the same input where n=1"},{"ancestorTitles":["Sorting","Column/Rows"],"duration":64,"failureDetails":[],"failureMessages":[],"fullName":"Sorting Column/Rows Any column with missing data uses the placeholder prop value as the value for a missing row/column position","invocations":1,"location":null,"numPassingAsserts":6,"retryReasons":[],"status":"passed","title":"Any column with missing data uses the placeholder prop value as the value for a missing row/column position"},{"ancestorTitles":["Sorting","Column/Rows"],"duration":48,"failureDetails":[],"failureMessages":[],"fullName":"Sorting Column/Rows Each data column has an input and output column when table is not compressed","invocations":1,"location":null,"numPassingAsserts":9,"retryReasons":[],"status":"passed","title":"Each data column has an input and output column when table is not compressed"},{"ancestorTitles":["Sorting","Column/Rows","Misc"],"duration":200,"failureDetails":[],"failureMessages":[],"fullName":"Sorting Column/Rows Misc Selecting the \"View Rank Scripts\" menu option calls the \"onOpenViewRankScripts\" prop","invocations":1,"location":null,"numPassingAsserts":2,"retryReasons":[],"status":"passed","title":"Selecting the \"View Rank Scripts\" menu option calls the \"onOpenViewRankScripts\" prop"},{"ancestorTitles":["Sorting","Column/Rows","Misc"],"duration":88,"failureDetails":[],"failureMessages":[],"fullName":"Sorting Column/Rows Misc Selecting the \"Custom Ranking\" menu option calls the \"onOpenCustomRanking\" prop","invocations":1,"location":null,"numPassingAsserts":2,"retryReasons":[],"status":"passed","title":"Selecting the \"Custom Ranking\" menu option calls the \"onOpenCustomRanking\" prop"}],"endTime":1715444082661,"message":"","name":"E:\\RCHH_Works\\Mr.CholMin\\2024-04-23\\ComponentLibrary\\src\\components\\ComparisonTable\\tests\\ComparisonTable.test.tsx","startTime":1715443988812,"status":"passed","summary":""},{"assertionResults":[{"ancestorTitles":["RfAttribute component"],"duration":1383,"failureDetails":[],"failureMessages":[],"fullName":"RfAttribute component Check if the component is rendered","invocations":1,"location":null,"numPassingAsserts":8,"retryReasons":[],"status":"passed","title":"Check if the component is rendered"},{"ancestorTitles":["Modulation Modal"],"duration":1995,"failureDetails":[],"failureMessages":[],"fullName":"Modulation Modal Component should have one textbox","invocations":1,"location":null,"numPassingAsserts":1,"retryReasons":[],"status":"passed","title":"Component should have one textbox"},{"ancestorTitles":["Modulation Modal"],"duration":352,"failureDetails":[],"failureMessages":[],"fullName":"Modulation Modal Check creating a new modulation","invocations":1,"location":null,"numPassingAsserts":2,"retryReasons":[],"status":"passed","title":"Check creating a new modulation"},{"ancestorTitles":["Modulation Modal"],"duration":222,"failureDetails":[],"failureMessages":[],"fullName":"Modulation Modal Check new modulation button with value name more than 10 characters","invocations":1,"location":null,"numPassingAsserts":1,"retryReasons":[],"status":"passed","title":"Check new modulation button with value name more than 10 characters"},{"ancestorTitles":["Modulation Modal"],"duration":205,"failureDetails":[],"failureMessages":[],"fullName":"Modulation Modal Check new modulation button with duplicate name","invocations":1,"location":null,"numPassingAsserts":1,"retryReasons":[],"status":"passed","title":"Check new modulation button with duplicate name"},{"ancestorTitles":["Modulation Modal"],"duration":177,"failureDetails":[],"failureMessages":[],"fullName":"Modulation Modal Check new modulation button with empty value","invocations":1,"location":null,"numPassingAsserts":1,"retryReasons":[],"status":"passed","title":"Check new modulation button with empty value"},{"ancestorTitles":["Coding Rate Modal"],"duration":125,"failureDetails":[],"failureMessages":[],"fullName":"Coding Rate Modal Component should have one textbox","invocations":1,"location":null,"numPassingAsserts":1,"retryReasons":[],"status":"passed","title":"Component should have one textbox"},{"ancestorTitles":["Coding Rate Modal"],"duration":303,"failureDetails":[],"failureMessages":[],"fullName":"Coding Rate Modal Check creating a new coding rate","invocations":1,"location":null,"numPassingAsserts":2,"retryReasons":[],"status":"passed","title":"Check creating a new coding rate"},{"ancestorTitles":["Coding Rate Modal"],"duration":196,"failureDetails":[],"failureMessages":[],"fullName":"Coding Rate Modal Check new coding rate button with value name more than 10 characters","invocations":1,"location":null,"numPassingAsserts":1,"retryReasons":[],"status":"passed","title":"Check new coding rate button with value name more than 10 characters"},{"ancestorTitles":["Coding Rate Modal"],"duration":193,"failureDetails":[],"failureMessages":[],"fullName":"Coding Rate Modal Check new coding rate button with duplicate name","invocations":1,"location":null,"numPassingAsserts":1,"retryReasons":[],"status":"passed","title":"Check new coding rate button with duplicate name"},{"ancestorTitles":["Coding Rate Modal"],"duration":197,"failureDetails":[],"failureMessages":[],"fullName":"Coding Rate Modal Check new coding rate button with empty value","invocations":1,"location":null,"numPassingAsserts":1,"retryReasons":[],"status":"passed","title":"Check new coding rate button with empty value"},{"ancestorTitles":["CodingAndModulation component"],"duration":462,"failureDetails":[],"failureMessages":[],"fullName":"CodingAndModulation component Test render modulation data","invocations":1,"location":null,"numPassingAsserts":1,"retryReasons":[],"status":"passed","title":"Test render modulation data"},{"ancestorTitles":["CodingAndModulation component"],"duration":447,"failureDetails":[],"failureMessages":[],"fullName":"CodingAndModulation component Render modulation names","invocations":1,"location":null,"numPassingAsserts":1,"retryReasons":[],"status":"passed","title":"Render modulation names"},{"ancestorTitles":["CodingAndModulation component"],"duration":434,"failureDetails":[],"failureMessages":[],"fullName":"CodingAndModulation component Test render coding rate data","invocations":1,"location":null,"numPassingAsserts":1,"retryReasons":[],"status":"passed","title":"Test render coding rate data"},{"ancestorTitles":["CodingAndModulation component"],"duration":438,"failureDetails":[],"failureMessages":[],"fullName":"CodingAndModulation component Render coding rate names","invocations":1,"location":null,"numPassingAsserts":1,"retryReasons":[],"status":"passed","title":"Render coding rate names"},{"ancestorTitles":["CodingAndModulation component"],"duration":758,"failureDetails":[],"failureMessages":[],"fullName":"CodingAndModulation component Delete a modulation entry","invocations":1,"location":null,"numPassingAsserts":3,"retryReasons":[],"status":"passed","title":"Delete a modulation entry"},{"ancestorTitles":["CodingAndModulation component"],"duration":964,"failureDetails":[{"matcherResult":{"message":"\u001b[2mexpect(\u001b[22m\u001b[31mjest.fn()\u001b[39m\u001b[2m).\u001b[22mtoHaveBeenCalledTimes\u001b[2m(\u001b[22m\u001b[32mexpected\u001b[39m\u001b[2m)\u001b[22m\n\nExpected number of calls: \u001b[32m1\u001b[39m\nReceived number of calls: \u001b[31m0\u001b[39m","pass":false}}],"failureMessages":["Error: \u001b[2mexpect(\u001b[22m\u001b[31mjest.fn()\u001b[39m\u001b[2m).\u001b[22mtoHaveBeenCalledTimes\u001b[2m(\u001b[22m\u001b[32mexpected\u001b[39m\u001b[2m)\u001b[22m\n\nExpected number of calls: \u001b[32m1\u001b[39m\nReceived number of calls: \u001b[31m0\u001b[39m\n\nIgnored nodes: comments, script, style\n\u001b[36m<html\u001b[39m\n  \u001b[33mclass\u001b[39m=\u001b[32m\"dxSafari dxWindowsPlatform dxWebKitFamily dxBrowserVersion-2 dxSafari dxWindowsPlatform dxWebKitFamily dxBrowserVersion-2\"\u001b[39m\n\u001b[36m>\u001b[39m\n  \u001b[36m<head />\u001b[39m\n  \u001b[36m<body\u001b[39m\n    \u001b[33mclass\u001b[39m=\u001b[32m\"dx-device-desktop dx-device-generic\"\u001b[39m\n    \u001b[33mstyle\u001b[39m=\u001b[32m\"\"\u001b[39m\n  \u001b[36m>\u001b[39m\n    \u001b[36m<div>\u001b[39m\n      \u001b[36m<div\u001b[39m\n        \u001b[33mclass\u001b[39m=\u001b[32m\"MuiPaper-root MuiPaper-elevation MuiPaper-rounded MuiPaper-elevation1 MuiCard-root css-bhp9pd-MuiPaper-root-MuiCard-root\"\u001b[39m\n      \u001b[36m>\u001b[39m\n        \u001b[36m<hr\u001b[39m\n          \u001b[33mclass\u001b[39m=\u001b[32m\"MuiDivider-root MuiDivider-fullWidth css-9mgopn-MuiDivider-root\"\u001b[39m\n        \u001b[36m/>\u001b[39m\n        \u001b[36m<div\u001b[39m\n          \u001b[33mclass\u001b[39m=\u001b[32m\"MuiCardContent-root css-46bh2p-MuiCardContent-root\"\u001b[39m\n          \u001b[33mstyle\u001b[39m=\u001b[32m\"height: 49vh;\"\u001b[39m\n        \u001b[36m>\u001b[39m\n          \u001b[36m<div\u001b[39m\n            \u001b[33mclass\u001b[39m=\u001b[32m\"MuiGrid-root MuiGrid-container css-u9p4s6-MuiGrid-root\"\u001b[39m\n          \u001b[36m>\u001b[39m\n            \u001b[36m<div\u001b[39m\n              \u001b[33mclass\u001b[39m=\u001b[32m\"MuiGrid-root MuiGrid-item MuiGrid-grid-md-6 css-1k7sk4d-MuiGrid-root\"\u001b[39m\n              \u001b[33mdata-testid\u001b[39m=\u001b[32m\"modulationTable\"\u001b[39m\n            \u001b[36m>\u001b[39m\n              \u001b[36m<div\u001b[39m\n                \u001b[33mclass\u001b[39m=\u001b[32m\"makeStyles-dataTableStyle-1369 dx-widget dx-visibility-change-handler\"\u001b[39m\n                \u001b[33mid\u001b[39m=\u001b[32m\"modulationTable\"\u001b[39m\n                \u001b[33mrole\u001b[39m=\u001b[32m\"presentation\"\u001b[39m\n              \u001b[36m>\u001b[39m\n                \u001b[36m<div\u001b[39m\n                  \u001b[33maria-label\u001b[39m=\u001b[32m\"Data grid with 2 rows and 1 columns\"\u001b[39m\n                  \u001b[33mclass\u001b[39m=\u001b[32m\"dx-datagrid dx-gridbase-container dx-datagrid-borders\"\u001b[39m\n                  \u001b[33mrole\u001b[39m=\u001b[32m\"group\"\u001b[39m\n                \u001b[36m>\u001b[39m\n                  \u001b[36m<div\u001b[39m\n                    \u001b[33mclass\u001b[39m=\u001b[32m\"dx-hidden\"\u001b[39m\n                  \u001b[36m/>\u001b[39m\n                  \u001b[36m<div\u001b[39m\n                    \u001b[33mclass\u001b[39m=\u001b[32m\"dx-datagrid-columns-separator dx-datagrid-columns-separator-transparent\"\u001b[39m\n                  \u001b[36m/>\u001b[39m\n                  \u001b[36m<div\u001b[39m\n                    \u001b[33mclass\u001b[39m=\u001b[32m\"dx-datagrid-tracker dx-state-invisible\"\u001b[39m\n                  \u001b[36m/>\u001b[39m\n                  \u001b[36m<div\u001b[39m\n                    \u001b[33mclass\u001b[39m=\u001b[32m\"dx-hidden\"\u001b[39m\n                  \u001b[36m/>\u001b[39m\n                  \u001b[36m<div\u001b[39m\n                    \u001b[33mclass\u001b[39m=\u001b[32m\"dx-datagrid-headers\"\u001b[39m\n                    \u001b[33mrole\u001b[39m=\u001b[32m\"presentation\"\u001b[39m\n                  \u001b[36m>\u001b[39m\n                    \u001b[36m<div\u001b[39m\n                      \u001b[33mclass\u001b[39m=\u001b[32m\"dx-datagrid-scrollable-simulated dx-datagrid-content dx-datagrid-scroll-container\"\u001b[39m\n                      \u001b[33mrole\u001b[39m=\u001b[32m\"presentation\"\u001b[39m\n                    \u001b[36m>\u001b[39m\n                      \u001b[36m<table\u001b[39m\n                        \u001b[33mclass\u001b[39m=\u001b[32m\"dx-datagrid-table dx-datagrid-table-fixed\"\u001b[39m\n                      \u001b[36m>\u001b[39m\n                        \u001b[36m<colgroup>\u001b[39m\n                          \u001b[36m<col />\u001b[39m\n                          \u001b[36m<col\u001b[39m\n                            \u001b[33mstyle\u001b[39m=\u001b[32m\"width: auto;\"\u001b[39m\n                          \u001b[36m/>\u001b[39m\n                        \u001b[36m</colgroup>\u001b[39m\n                        \u001b[36m<tbody\u001b[39m\n                          \u001b[33mrole\u001b[39m=\u001b[32m\"presentation\"\u001b[39m\n                        \u001b[36m>\u001b[39m\n                          \u001b[36m<tr\u001b[39m\n                            \u001b[33mclass\u001b[39m=\u001b[32m\"dx-row dx-column-lines dx-header-row\"\u001b[39m\n                            \u001b[33mrole\u001b[39m=\u001b[32m\"row\"\u001b[39m\n                          \u001b[36m>\u001b[39m\n                            \u001b[36m<td\u001b[39m\n                              \u001b[33maria-colindex\u001b[39m=\u001b[32m\"1\"\u001b[39m\n                              \u001b[33maria-label\u001b[39m=\u001b[32m\"Column Modulation\"\u001b[39m\n                              \u001b[33maria-sort\u001b[39m=\u001b[32m\"none\"\u001b[39m\n                              \u001b[33mclass\u001b[39m=\u001b[32m\"dx-datagrid-action dx-cell-focus-disabled dx-datagrid-drag-action\"\u001b[39m\n                              \u001b[33mid\u001b[39m=\u001b[32m\"dx-col-29\"\u001b[39m\n                              \u001b[33mrole\u001b[39m=\u001b[32m\"columnheader\"\u001b[39m\n                              \u001b[33mstyle\u001b[39m=\u001b[32m\"text-align: left;\"\u001b[39m\n                              \u001b[33mtabindex\u001b[39m=\u001b[32m\"0\"\u001b[39m\n                            \u001b[36m>\u001b[39m\n                              \u001b[36m<div\u001b[39m\n                                \u001b[33mclass\u001b[39m=\u001b[32m\"dx-column-indicators\"\u001b[39m\n                                \u001b[33mrole\u001b[39m=\u001b[32m\"presentation\"\u001b[39m\n                                \u001b[33mstyle\u001b[39m=\u001b[32m\"float: right;\"\u001b[39m\n                              \u001b[36m>\u001b[39m\n                                \u001b[36m<span\u001b[39m\n                                  \u001b[33mclass\u001b[39m=\u001b[32m\"dx-sort dx-sort-none\"\u001b[39m\n                                \u001b[36m/>\u001b[39m\n                              \u001b[36m</div>\u001b[39m\n                              \u001b[36m<div\u001b[39m\n                                \u001b[33mclass\u001b[39m=\u001b[32m\"dx-datagrid-text-content dx-text-content-alignment-left\"\u001b[39m\n                                \u001b[33mrole\u001b[39m=\u001b[32m\"presentation\"\u001b[39m\n                              \u001b[36m>\u001b[39m\n                                \u001b[0mModulation\u001b[0m\n                              \u001b[36m</div>\u001b[39m\n                            \u001b[36m</td>\u001b[39m\n                            \u001b[36m<td\u001b[39m\n                              \u001b[33maria-colindex\u001b[39m=\u001b[32m\"2\"\u001b[39m\n                              \u001b[33mclass\u001b[39m=\u001b[32m\"dx-command-edit dx-cell-focus-disabled\"\u001b[39m\n                              \u001b[33mrole\u001b[39m=\u001b[32m\"gridcell\"\u001b[39m\n                              \u001b[33mstyle\u001b[39m=\u001b[32m\"text-align: center;\"\u001b[39m\n                            \u001b[36m>\u001b[39m\n                              \u001b[0m \u001b[0m\n                            \u001b[36m</td>\u001b[39m\n                          \u001b[36m</tr>\u001b[39m\n                          \u001b[36m<tr\u001b[39m\n                            \u001b[33mclass\u001b[39m=\u001b[32m\"dx-row dx-column-lines dx-datagrid-filter-row\"\u001b[39m\n                            \u001b[33mrole\u001b[39m=\u001b[32m\"row\"\u001b[39m\n                          \u001b[36m>\u001b[39m\n                            \u001b[36m<td\u001b[39m\n                              \u001b[33maria-colindex\u001b[39m=\u001b[32m\"1\"\u001b[39m\n                              \u001b[33maria-describedby\u001b[39m=\u001b[32m\"dx-col-29\"\u001b[39m\n                              \u001b[33maria-label\u001b[39m=\u001b[32m\"Filter cell\"\u001b[39m\n                              \u001b[33mclass\u001b[39m=\u001b[32m\"dx-editor-cell\"\u001b[39m\n                              \u001b[33mrole\u001b[39m=\u001b[32m\"gridcell\"\u001b[39m\n                              \u001b[33mstyle\u001b[39m=\u001b[32m\"text-align: left;\"\u001b[39m\n                            \u001b[36m>\u001b[39m\n                              \u001b[36m<div\u001b[39m\n                                \u001b[33mclass\u001b[39m=\u001b[32m\"dx-editor-with-menu\"\u001b[39m\n                              \u001b[36m>\u001b[39m\n                                \u001b[36m<div\u001b[39m\n                                  \u001b[33mclass\u001b[39m=\u001b[32m\"dx-menu dx-widget dx-visibility-change-handler dx-collection dx-menu-base dx-datagrid dx-cell-focus-disabled dx-filter-menu\"...\n    at E:\\RCHH_Works\\Mr.CholMin\\2024-04-23\\ComponentLibrary\\src\\components\\rfAttribute\\__tests__\\rfAttribute.test.tsx:308:35\n    at runWithExpensiveErrorDiagnosticsDisabled (E:\\RCHH_Works\\Mr.CholMin\\2024-04-23\\ComponentLibrary\\node_modules\\@testing-library\\react\\node_modules\\@testing-library\\dom\\dist\\config.js:47:12)\n    at checkCallback (E:\\RCHH_Works\\Mr.CholMin\\2024-04-23\\ComponentLibrary\\node_modules\\@testing-library\\react\\node_modules\\@testing-library\\dom\\dist\\wait-for.js:127:77)\n    at E:\\RCHH_Works\\Mr.CholMin\\2024-04-23\\ComponentLibrary\\node_modules\\@testing-library\\react\\node_modules\\@testing-library\\dom\\dist\\wait-for.js:70:9"],"fullName":"CodingAndModulation component Delete a coding rate entry","invocations":1,"location":null,"numPassingAsserts":2,"retryReasons":[],"status":"failed","title":"Delete a coding rate entry"},{"ancestorTitles":["CodingAndModulation component"],"duration":1631,"failureDetails":[],"failureMessages":[],"fullName":"CodingAndModulation component Update Modulation entry","invocations":1,"location":null,"numPassingAsserts":3,"retryReasons":[],"status":"passed","title":"Update Modulation entry"},{"ancestorTitles":["CodingAndModulation component"],"duration":1556,"failureDetails":[],"failureMessages":[],"fullName":"CodingAndModulation component Update Coding Rate entry","invocations":1,"location":null,"numPassingAsserts":3,"retryReasons":[],"status":"passed","title":"Update Coding Rate entry"},{"ancestorTitles":["EbNoModal component"],"duration":174,"failureDetails":[],"failureMessages":[],"fullName":"EbNoModal component Component should have three dropdowns and one textbox","invocations":1,"location":null,"numPassingAsserts":2,"retryReasons":[],"status":"passed","title":"Component should have three dropdowns and one textbox"},{"ancestorTitles":["EbNo component"],"duration":413,"failureDetails":[],"failureMessages":[],"fullName":"EbNo component Check if the ebno table is rendered","invocations":1,"location":null,"numPassingAsserts":2,"retryReasons":[],"status":"passed","title":"Check if the ebno table is rendered"},{"ancestorTitles":["EbNo component"],"duration":713,"failureDetails":[{"matcherResult":{"message":"\u001b[2mexpect(\u001b[22m\u001b[31mjest.fn()\u001b[39m\u001b[2m).\u001b[22mtoHaveBeenCalledTimes\u001b[2m(\u001b[22m\u001b[32mexpected\u001b[39m\u001b[2m)\u001b[22m\n\nExpected number of calls: \u001b[32m1\u001b[39m\nReceived number of calls: \u001b[31m0\u001b[39m","pass":false}}],"failureMessages":["Error: \u001b[2mexpect(\u001b[22m\u001b[31mjest.fn()\u001b[39m\u001b[2m).\u001b[22mtoHaveBeenCalledTimes\u001b[2m(\u001b[22m\u001b[32mexpected\u001b[39m\u001b[2m)\u001b[22m\n\nExpected number of calls: \u001b[32m1\u001b[39m\nReceived number of calls: \u001b[31m0\u001b[39m\n\nIgnored nodes: comments, script, style\n\u001b[36m<html\u001b[39m\n  \u001b[33mclass\u001b[39m=\u001b[32m\"dxSafari dxWindowsPlatform dxWebKitFamily dxBrowserVersion-2 dxSafari dxWindowsPlatform dxWebKitFamily dxBrowserVersion-2\"\u001b[39m\n\u001b[36m>\u001b[39m\n  \u001b[36m<head />\u001b[39m\n  \u001b[36m<body\u001b[39m\n    \u001b[33mclass\u001b[39m=\u001b[32m\"dx-device-desktop dx-device-generic\"\u001b[39m\n    \u001b[33mstyle\u001b[39m=\u001b[32m\"\"\u001b[39m\n  \u001b[36m>\u001b[39m\n    \u001b[36m<div>\u001b[39m\n      \u001b[36m<div\u001b[39m\n        \u001b[33mclass\u001b[39m=\u001b[32m\"MuiPaper-root MuiPaper-elevation MuiPaper-rounded MuiPaper-elevation1 MuiCard-root css-bhp9pd-MuiPaper-root-MuiCard-root\"\u001b[39m\n      \u001b[36m>\u001b[39m\n        \u001b[36m<div\u001b[39m\n          \u001b[33mclass\u001b[39m=\u001b[32m\"MuiBox-root css-0\"\u001b[39m\n        \u001b[36m/>\u001b[39m\n        \u001b[36m<hr\u001b[39m\n          \u001b[33mclass\u001b[39m=\u001b[32m\"MuiDivider-root MuiDivider-fullWidth css-9mgopn-MuiDivider-root\"\u001b[39m\n        \u001b[36m/>\u001b[39m\n        \u001b[36m<div\u001b[39m\n          \u001b[33mclass\u001b[39m=\u001b[32m\"MuiCardContent-root css-46bh2p-MuiCardContent-root\"\u001b[39m\n          \u001b[33mdata-testid\u001b[39m=\u001b[32m\"ebNoTable\"\u001b[39m\n          \u001b[33mstyle\u001b[39m=\u001b[32m\"height: 49vh;\"\u001b[39m\n        \u001b[36m>\u001b[39m\n          \u001b[36m<div\u001b[39m\n            \u001b[33mclass\u001b[39m=\u001b[32m\"makeStyles-dataTableStyle-1806 dx-widget dx-visibility-change-handler\"\u001b[39m\n            \u001b[33mid\u001b[39m=\u001b[32m\"ebNoTable\"\u001b[39m\n            \u001b[33mrole\u001b[39m=\u001b[32m\"presentation\"\u001b[39m\n          \u001b[36m>\u001b[39m\n            \u001b[36m<div\u001b[39m\n              \u001b[33maria-label\u001b[39m=\u001b[32m\"Data grid with 4 rows and 4 columns\"\u001b[39m\n              \u001b[33mclass\u001b[39m=\u001b[32m\"dx-datagrid dx-gridbase-container dx-datagrid-borders\"\u001b[39m\n              \u001b[33mrole\u001b[39m=\u001b[32m\"group\"\u001b[39m\n            \u001b[36m>\u001b[39m\n              \u001b[36m<div\u001b[39m\n                \u001b[33mclass\u001b[39m=\u001b[32m\"dx-hidden\"\u001b[39m\n              \u001b[36m/>\u001b[39m\n              \u001b[36m<div\u001b[39m\n                \u001b[33mclass\u001b[39m=\u001b[32m\"dx-datagrid-columns-separator dx-datagrid-columns-separator-transparent\"\u001b[39m\n              \u001b[36m/>\u001b[39m\n              \u001b[36m<div\u001b[39m\n                \u001b[33mclass\u001b[39m=\u001b[32m\"dx-datagrid-tracker dx-state-invisible\"\u001b[39m\n              \u001b[36m/>\u001b[39m\n              \u001b[36m<div\u001b[39m\n                \u001b[33mclass\u001b[39m=\u001b[32m\"dx-hidden\"\u001b[39m\n              \u001b[36m/>\u001b[39m\n              \u001b[36m<div\u001b[39m\n                \u001b[33mclass\u001b[39m=\u001b[32m\"dx-datagrid-headers\"\u001b[39m\n                \u001b[33mrole\u001b[39m=\u001b[32m\"presentation\"\u001b[39m\n              \u001b[36m>\u001b[39m\n                \u001b[36m<div\u001b[39m\n                  \u001b[33mclass\u001b[39m=\u001b[32m\"dx-datagrid-scrollable-simulated dx-datagrid-content dx-datagrid-scroll-container\"\u001b[39m\n                  \u001b[33mrole\u001b[39m=\u001b[32m\"presentation\"\u001b[39m\n                \u001b[36m>\u001b[39m\n                  \u001b[36m<table\u001b[39m\n                    \u001b[33mclass\u001b[39m=\u001b[32m\"dx-datagrid-table dx-datagrid-table-fixed\"\u001b[39m\n                  \u001b[36m>\u001b[39m\n                    \u001b[36m<colgroup>\u001b[39m\n                      \u001b[36m<col />\u001b[39m\n                      \u001b[36m<col />\u001b[39m\n                      \u001b[36m<col />\u001b[39m\n                      \u001b[36m<col />\u001b[39m\n                      \u001b[36m<col\u001b[39m\n                        \u001b[33mstyle\u001b[39m=\u001b[32m\"width: auto;\"\u001b[39m\n                      \u001b[36m/>\u001b[39m\n                    \u001b[36m</colgroup>\u001b[39m\n                    \u001b[36m<tbody\u001b[39m\n                      \u001b[33mrole\u001b[39m=\u001b[32m\"presentation\"\u001b[39m\n                    \u001b[36m>\u001b[39m\n                      \u001b[36m<tr\u001b[39m\n                        \u001b[33mclass\u001b[39m=\u001b[32m\"dx-row dx-column-lines dx-header-row\"\u001b[39m\n                        \u001b[33mrole\u001b[39m=\u001b[32m\"row\"\u001b[39m\n                      \u001b[36m>\u001b[39m\n                        \u001b[36m<td\u001b[39m\n                          \u001b[33maria-colindex\u001b[39m=\u001b[32m\"1\"\u001b[39m\n                          \u001b[33maria-label\u001b[39m=\u001b[32m\"Column Modulation\"\u001b[39m\n                          \u001b[33maria-sort\u001b[39m=\u001b[32m\"none\"\u001b[39m\n                          \u001b[33mclass\u001b[39m=\u001b[32m\"dx-datagrid-action dx-cell-focus-disabled dx-datagrid-drag-action\"\u001b[39m\n                          \u001b[33mid\u001b[39m=\u001b[32m\"dx-col-39\"\u001b[39m\n                          \u001b[33mrole\u001b[39m=\u001b[32m\"columnheader\"\u001b[39m\n                          \u001b[33mstyle\u001b[39m=\u001b[32m\"text-align: left;\"\u001b[39m\n                          \u001b[33mtabindex\u001b[39m=\u001b[32m\"0\"\u001b[39m\n                        \u001b[36m>\u001b[39m\n                          \u001b[36m<div\u001b[39m\n                            \u001b[33mclass\u001b[39m=\u001b[32m\"dx-column-indicators\"\u001b[39m\n                            \u001b[33mrole\u001b[39m=\u001b[32m\"presentation\"\u001b[39m\n                            \u001b[33mstyle\u001b[39m=\u001b[32m\"float: right;\"\u001b[39m\n                          \u001b[36m>\u001b[39m\n                            \u001b[36m<span\u001b[39m\n                              \u001b[33mclass\u001b[39m=\u001b[32m\"dx-sort dx-sort-none\"\u001b[39m\n                            \u001b[36m/>\u001b[39m\n                          \u001b[36m</div>\u001b[39m\n                          \u001b[36m<div\u001b[39m\n                            \u001b[33mclass\u001b[39m=\u001b[32m\"dx-datagrid-text-content dx-text-content-alignment-left\"\u001b[39m\n                            \u001b[33mrole\u001b[39m=\u001b[32m\"presentation\"\u001b[39m\n                          \u001b[36m>\u001b[39m\n                            \u001b[0mModulation\u001b[0m\n                          \u001b[36m</div>\u001b[39m\n                        \u001b[36m</td>\u001b[39m\n                        \u001b[36m<td\u001b[39m\n                          \u001b[33maria-colindex\u001b[39m=\u001b[32m\"2\"\u001b[39m\n                          \u001b[33maria-label\u001b[39m=\u001b[32m\"Column Coding Type\"\u001b[39m\n                          \u001b[33maria-sort\u001b[39m=\u001b[32m\"none\"\u001b[39m\n                          \u001b[33mclass\u001b[39m=\u001b[32m\"dx-datagrid-action dx-cell-focus-disabled dx-datagrid-drag-action\"\u001b[39m\n                          \u001b[33mid\u001b[39m=\u001b[32m\"dx-col-40\"\u001b[39m\n                          \u001b[33mrole\u001b[39m=\u001b[32m\"columnheader\"\u001b[39m\n                          \u001b[33mstyle\u001b[39m=\u001b[32m\"text-align: left;\"\u001b[39m\n                          \u001b[33mtabindex\u001b[39m=\u001b[32m\"0\"\u001b[39m\n                        \u001b[36m>\u001b[39m\n                          \u001b[36m<div\u001b[39m\n                            \u001b[33mclass\u001b[39m=\u001b[32m\"dx-column-indicators\"\u001b[39m\n                            \u001b[33mrole\u001b[39m=\u001b[32m\"presentation\"\u001b[39m\n                            \u001b[33mstyle\u001b[39m=\u001b[32m\"float: right;\"\u001b[39m\n                          \u001b[36m>\u001b[39m\n                            \u001b[36m<span\u001b[39m\n                              \u001b[33mclass\u001b[39m=\u001b[32m\"dx-sort dx-sort-none\"\u001b[39m\n                            \u001b[36m/>\u001b[39m\n                          \u001b[36m</div>\u001b[39m\n                          \u001b[36m<div\u001b[39m\n                            \u001b[33mclass\u001b[39m=\u001b[32m\"dx-datagrid-text-content dx-text-content-alignment-left\"\u001b[39m\n                            \u001b[33mrole\u001b[39m=\u001b[32m\"presentation\"\u001b[39m\n                          \u001b[36m>\u001b[39m\n                            \u001b[0mCoding Type\u001b[0m\n                          \u001b[36m</div>\u001b[39m\n                        \u001b[36m</td>\u001b[39m\n                        \u001b[36m<td\u001b[39m\n                          \u001b[33maria-colindex\u001b[39m=\u001b[32m\"3\"\u001b[39m\n                          \u001b[33maria-label\u001b[39m=\u001b[32m\"Column Coding Rate\"\u001b[39m\n                          \u001b[33maria-sort\u001b[39m=\u001b[32m\"none\"\u001b[39m\n                          \u001b[33mclass\u001b[39m=\u001b[32m\"dx-datagrid-action dx-cell-focus-disabled dx-datagrid-drag-action\"\u001b[39m\n                          \u001b[33mid\u001b[39m=\u001b[32m\"dx-col-41\"\u001b[39m\n                          \u001b[33mrole\u001b[39m=\u001b[32m\"columnheader\"\u001b[39m\n                   ...\n    at E:\\RCHH_Works\\Mr.CholMin\\2024-04-23\\ComponentLibrary\\src\\components\\rfAttribute\\__tests__\\rfAttribute.test.tsx:444:33\n    at runWithExpensiveErrorDiagnosticsDisabled (E:\\RCHH_Works\\Mr.CholMin\\2024-04-23\\ComponentLibrary\\node_modules\\@testing-library\\react\\node_modules\\@testing-library\\dom\\dist\\config.js:47:12)\n    at checkCallback (E:\\RCHH_Works\\Mr.CholMin\\2024-04-23\\ComponentLibrary\\node_modules\\@testing-library\\react\\node_modules\\@testing-library\\dom\\dist\\wait-for.js:127:77)\n    at E:\\RCHH_Works\\Mr.CholMin\\2024-04-23\\ComponentLibrary\\node_modules\\@testing-library\\react\\node_modules\\@testing-library\\dom\\dist\\wait-for.js:70:9"],"fullName":"EbNo component Delete an ebno entry","invocations":1,"location":null,"numPassingAsserts":3,"retryReasons":[],"status":"failed","title":"Delete an ebno entry"},{"ancestorTitles":["EbNo component"],"duration":662,"failureDetails":[{"name":"TestingLibraryElementError"}],"failureMessages":["TestingLibraryElementError: Unable to find an accessible element with the role \"button\"\n\nHere are the accessible roles:\n\n  combobox:\n\n  Name \"\":\n  \u001b[36m<div\u001b[39m\n    \u001b[33maria-controls\u001b[39m=\u001b[32m\":r1f:\"\u001b[39m\n    \u001b[33maria-expanded\u001b[39m=\u001b[32m\"false\"\u001b[39m\n    \u001b[33maria-haspopup\u001b[39m=\u001b[32m\"listbox\"\u001b[39m\n    \u001b[33maria-labelledby\u001b[39m=\u001b[32m\"mui-component-select-codingType\"\u001b[39m\n    \u001b[33mclass\u001b[39m=\u001b[32m\"MuiSelect-select MuiSelect-outlined MuiInputBase-input MuiOutlinedInput-input MuiInputBase-inputSizeSmall css-jedpe8-MuiSelect-select-MuiInputBase-input-MuiOutlinedInput-input\"\u001b[39m\n    \u001b[33mid\u001b[39m=\u001b[32m\"mui-component-select-codingType\"\u001b[39m\n    \u001b[33mrole\u001b[39m=\u001b[32m\"combobox\"\u001b[39m\n    \u001b[33mtabindex\u001b[39m=\u001b[32m\"0\"\u001b[39m\n  \u001b[36m/>\u001b[39m\n\n  --------------------------------------------------\n\nIgnored nodes: comments, script, style\n\u001b[36m<div\u001b[39m\n  \u001b[33mclass\u001b[39m=\u001b[32m\"MuiInputBase-root MuiOutlinedInput-root MuiInputBase-colorPrimary MuiInputBase-fullWidth MuiInputBase-formControl MuiInputBase-sizeSmall makeStyles-noOutline-1897 css-1ualgfl-MuiInputBase-root-MuiOutlinedInput-root-MuiSelect-root\"\u001b[39m\n  \u001b[33mdata-testid\u001b[39m=\u001b[32m\"test_id_coding_type\"\u001b[39m\n  \u001b[33mrequired\u001b[39m=\u001b[32m\"\"\u001b[39m\n\u001b[36m>\u001b[39m\n  \u001b[36m<div\u001b[39m\n    \u001b[33maria-controls\u001b[39m=\u001b[32m\":r1f:\"\u001b[39m\n    \u001b[33maria-expanded\u001b[39m=\u001b[32m\"false\"\u001b[39m\n    \u001b[33maria-haspopup\u001b[39m=\u001b[32m\"listbox\"\u001b[39m\n    \u001b[33maria-labelledby\u001b[39m=\u001b[32m\"mui-component-select-codingType\"\u001b[39m\n    \u001b[33mclass\u001b[39m=\u001b[32m\"MuiSelect-select MuiSelect-outlined MuiInputBase-input MuiOutlinedInput-input MuiInputBase-inputSizeSmall css-jedpe8-MuiSelect-select-MuiInputBase-input-MuiOutlinedInput-input\"\u001b[39m\n    \u001b[33mid\u001b[39m=\u001b[32m\"mui-component-select-codingType\"\u001b[39m\n    \u001b[33mrole\u001b[39m=\u001b[32m\"combobox\"\u001b[39m\n    \u001b[33mtabindex\u001b[39m=\u001b[32m\"0\"\u001b[39m\n  \u001b[36m>\u001b[39m\n    \u001b[36m<span\u001b[39m\n      \u001b[33mclass\u001b[39m=\u001b[32m\"notranslate\"\u001b[39m\n    \u001b[36m>\u001b[39m\n      \u001b[0m​\u001b[0m\n    \u001b[36m</span>\u001b[39m\n  \u001b[36m</div>\u001b[39m\n  \u001b[36m<input\u001b[39m\n    \u001b[33maria-hidden\u001b[39m=\u001b[32m\"true\"\u001b[39m\n    \u001b[33maria-invalid\u001b[39m=\u001b[32m\"false\"\u001b[39m\n    \u001b[33mclass\u001b[39m=\u001b[32m\"MuiSelect-nativeInput css-yf8vq0-MuiSelect-nativeInput\"\u001b[39m\n    \u001b[33mname\u001b[39m=\u001b[32m\"codingType\"\u001b[39m\n    \u001b[33mrequired\u001b[39m=\u001b[32m\"\"\u001b[39m\n    \u001b[33mtabindex\u001b[39m=\u001b[32m\"-1\"\u001b[39m\n    \u001b[33mvalue\u001b[39m=\u001b[32m\"\"\u001b[39m\n  \u001b[36m/>\u001b[39m\n  \u001b[36m<svg\u001b[39m\n    \u001b[33maria-hidden\u001b[39m=\u001b[32m\"true\"\u001b[39m\n    \u001b[33mclass\u001b[39m=\u001b[32m\"MuiSvgIcon-root MuiSvgIcon-fontSizeMedium MuiSelect-icon MuiSelect-iconOutlined css-hfutr2-MuiSvgIcon-root-MuiSelect-icon\"\u001b[39m\n    \u001b[33mdata-testid\u001b[39m=\u001b[32m\"ArrowDropDownIcon\"\u001b[39m\n    \u001b[33mfocusable\u001b[39m=\u001b[32m\"false\"\u001b[39m\n    \u001b[33mviewBox\u001b[39m=\u001b[32m\"0 0 24 24\"\u001b[39m\n  \u001b[36m>\u001b[39m\n    \u001b[36m<path\u001b[39m\n      \u001b[33md\u001b[39m=\u001b[32m\"M7 10l5 5 5-5z\"\u001b[39m\n    \u001b[36m/>\u001b[39m\n  \u001b[36m</svg>\u001b[39m\n  \u001b[36m<fieldset\u001b[39m\n    \u001b[33maria-hidden\u001b[39m=\u001b[32m\"true\"\u001b[39m\n    \u001b[33mclass\u001b[39m=\u001b[32m\"MuiOutlinedInput-notchedOutline css-1d3z3hw-MuiOutlinedInput-notchedOutline\"\u001b[39m\n  \u001b[36m>\u001b[39m\n    \u001b[36m<legend\u001b[39m\n      \u001b[33mclass\u001b[39m=\u001b[32m\"css-ihdtdm\"\u001b[39m\n    \u001b[36m>\u001b[39m\n      \u001b[36m<span\u001b[39m\n        \u001b[33mclass\u001b[39m=\u001b[32m\"notranslate\"\u001b[39m\n      \u001b[36m>\u001b[39m\n        \u001b[0m​\u001b[0m\n      \u001b[36m</span>\u001b[39m\n    \u001b[36m</legend>\u001b[39m\n  \u001b[36m</fieldset>\u001b[39m\n\u001b[36m</div>\u001b[39m\n    at Object.getElementError (E:\\RCHH_Works\\Mr.CholMin\\2024-04-23\\ComponentLibrary\\node_modules\\@testing-library\\react\\node_modules\\@testing-library\\dom\\dist\\config.js:37:19)\n    at E:\\RCHH_Works\\Mr.CholMin\\2024-04-23\\ComponentLibrary\\node_modules\\@testing-library\\react\\node_modules\\@testing-library\\dom\\dist\\query-helpers.js:76:38\n    at E:\\RCHH_Works\\Mr.CholMin\\2024-04-23\\ComponentLibrary\\node_modules\\@testing-library\\react\\node_modules\\@testing-library\\dom\\dist\\query-helpers.js:52:17\n    at E:\\RCHH_Works\\Mr.CholMin\\2024-04-23\\ComponentLibrary\\node_modules\\@testing-library\\react\\node_modules\\@testing-library\\dom\\dist\\query-helpers.js:95:19\n    at E:\\RCHH_Works\\Mr.CholMin\\2024-04-23\\ComponentLibrary\\src\\components\\rfAttribute\\__tests__\\rfAttribute.test.tsx:472:55\n    at Generator.next (<anonymous>)\n    at fulfilled (E:\\RCHH_Works\\Mr.CholMin\\2024-04-23\\ComponentLibrary\\src\\components\\rfAttribute\\__tests__\\rfAttribute.test.tsx:5:58)"],"fullName":"EbNo component Create new Eb/No entry ","invocations":1,"location":null,"numPassingAsserts":8,"retryReasons":[],"status":"failed","title":"Create new Eb/No entry "},{"ancestorTitles":["EbNo component"],"duration":1678,"failureDetails":[],"failureMessages":[],"fullName":"EbNo component Update existing Eb/No entry","invocations":1,"location":null,"numPassingAsserts":3,"retryReasons":[],"status":"passed","title":"Update existing Eb/No entry"}],"endTime":1715444254371,"message":"\u001b[1m\u001b[31m  \u001b[1m● \u001b[22m\u001b[1mCodingAndModulation component › Delete a coding rate entry\u001b[39m\u001b[22m\n\n    \u001b[2mexpect(\u001b[22m\u001b[31mjest.fn()\u001b[39m\u001b[2m).\u001b[22mtoHaveBeenCalledTimes\u001b[2m(\u001b[22m\u001b[32mexpected\u001b[39m\u001b[2m)\u001b[22m\n\n    Expected number of calls: \u001b[32m1\u001b[39m\n    Received number of calls: \u001b[31m0\u001b[39m\n\n    Ignored nodes: comments, script, style\n    \u001b[36m<html\u001b[39m\n      \u001b[33mclass\u001b[39m=\u001b[32m\"dxSafari dxWindowsPlatform dxWebKitFamily dxBrowserVersion-2 dxSafari dxWindowsPlatform dxWebKitFamily dxBrowserVersion-2\"\u001b[39m\n    \u001b[36m>\u001b[39m\n      \u001b[36m<head />\u001b[39m\n      \u001b[36m<body\u001b[39m\n        \u001b[33mclass\u001b[39m=\u001b[32m\"dx-device-desktop dx-device-generic\"\u001b[39m\n        \u001b[33mstyle\u001b[39m=\u001b[32m\"\"\u001b[39m\n      \u001b[36m>\u001b[39m\n        \u001b[36m<div>\u001b[39m\n          \u001b[36m<div\u001b[39m\n            \u001b[33mclass\u001b[39m=\u001b[32m\"MuiPaper-root MuiPaper-elevation MuiPaper-rounded MuiPaper-elevation1 MuiCard-root css-bhp9pd-MuiPaper-root-MuiCard-root\"\u001b[39m\n          \u001b[36m>\u001b[39m\n            \u001b[36m<hr\u001b[39m\n              \u001b[33mclass\u001b[39m=\u001b[32m\"MuiDivider-root MuiDivider-fullWidth css-9mgopn-MuiDivider-root\"\u001b[39m\n            \u001b[36m/>\u001b[39m\n            \u001b[36m<div\u001b[39m\n              \u001b[33mclass\u001b[39m=\u001b[32m\"MuiCardContent-root css-46bh2p-MuiCardContent-root\"\u001b[39m\n              \u001b[33mstyle\u001b[39m=\u001b[32m\"height: 49vh;\"\u001b[39m\n            \u001b[36m>\u001b[39m\n              \u001b[36m<div\u001b[39m\n                \u001b[33mclass\u001b[39m=\u001b[32m\"MuiGrid-root MuiGrid-container css-u9p4s6-MuiGrid-root\"\u001b[39m\n              \u001b[36m>\u001b[39m\n                \u001b[36m<div\u001b[39m\n                  \u001b[33mclass\u001b[39m=\u001b[32m\"MuiGrid-root MuiGrid-item MuiGrid-grid-md-6 css-1k7sk4d-MuiGrid-root\"\u001b[39m\n                  \u001b[33mdata-testid\u001b[39m=\u001b[32m\"modulationTable\"\u001b[39m\n                \u001b[36m>\u001b[39m\n                  \u001b[36m<div\u001b[39m\n                    \u001b[33mclass\u001b[39m=\u001b[32m\"makeStyles-dataTableStyle-1369 dx-widget dx-visibility-change-handler\"\u001b[39m\n                    \u001b[33mid\u001b[39m=\u001b[32m\"modulationTable\"\u001b[39m\n                    \u001b[33mrole\u001b[39m=\u001b[32m\"presentation\"\u001b[39m\n                  \u001b[36m>\u001b[39m\n                    \u001b[36m<div\u001b[39m\n                      \u001b[33maria-label\u001b[39m=\u001b[32m\"Data grid with 2 rows and 1 columns\"\u001b[39m\n                      \u001b[33mclass\u001b[39m=\u001b[32m\"dx-datagrid dx-gridbase-container dx-datagrid-borders\"\u001b[39m\n                      \u001b[33mrole\u001b[39m=\u001b[32m\"group\"\u001b[39m\n                    \u001b[36m>\u001b[39m\n                      \u001b[36m<div\u001b[39m\n                        \u001b[33mclass\u001b[39m=\u001b[32m\"dx-hidden\"\u001b[39m\n                      \u001b[36m/>\u001b[39m\n                      \u001b[36m<div\u001b[39m\n                        \u001b[33mclass\u001b[39m=\u001b[32m\"dx-datagrid-columns-separator dx-datagrid-columns-separator-transparent\"\u001b[39m\n                      \u001b[36m/>\u001b[39m\n                      \u001b[36m<div\u001b[39m\n                        \u001b[33mclass\u001b[39m=\u001b[32m\"dx-datagrid-tracker dx-state-invisible\"\u001b[39m\n                      \u001b[36m/>\u001b[39m\n                      \u001b[36m<div\u001b[39m\n                        \u001b[33mclass\u001b[39m=\u001b[32m\"dx-hidden\"\u001b[39m\n                      \u001b[36m/>\u001b[39m\n                      \u001b[36m<div\u001b[39m\n                        \u001b[33mclass\u001b[39m=\u001b[32m\"dx-datagrid-headers\"\u001b[39m\n                        \u001b[33mrole\u001b[39m=\u001b[32m\"presentation\"\u001b[39m\n                      \u001b[36m>\u001b[39m\n                        \u001b[36m<div\u001b[39m\n                          \u001b[33mclass\u001b[39m=\u001b[32m\"dx-datagrid-scrollable-simulated dx-datagrid-content dx-datagrid-scroll-container\"\u001b[39m\n                          \u001b[33mrole\u001b[39m=\u001b[32m\"presentation\"\u001b[39m\n                        \u001b[36m>\u001b[39m\n                          \u001b[36m<table\u001b[39m\n                            \u001b[33mclass\u001b[39m=\u001b[32m\"dx-datagrid-table dx-datagrid-table-fixed\"\u001b[39m\n                          \u001b[36m>\u001b[39m\n                            \u001b[36m<colgroup>\u001b[39m\n                              \u001b[36m<col />\u001b[39m\n                              \u001b[36m<col\u001b[39m\n                                \u001b[33mstyle\u001b[39m=\u001b[32m\"width: auto;\"\u001b[39m\n                              \u001b[36m/>\u001b[39m\n                            \u001b[36m</colgroup>\u001b[39m\n                            \u001b[36m<tbody\u001b[39m\n                              \u001b[33mrole\u001b[39m=\u001b[32m\"presentation\"\u001b[39m\n                            \u001b[36m>\u001b[39m\n                              \u001b[36m<tr\u001b[39m\n                                \u001b[33mclass\u001b[39m=\u001b[32m\"dx-row dx-column-lines dx-header-row\"\u001b[39m\n                                \u001b[33mrole\u001b[39m=\u001b[32m\"row\"\u001b[39m\n                              \u001b[36m>\u001b[39m\n                                \u001b[36m<td\u001b[39m\n                                  \u001b[33maria-colindex\u001b[39m=\u001b[32m\"1\"\u001b[39m\n                                  \u001b[33maria-label\u001b[39m=\u001b[32m\"Column Modulation\"\u001b[39m\n                                  \u001b[33maria-sort\u001b[39m=\u001b[32m\"none\"\u001b[39m\n                                  \u001b[33mclass\u001b[39m=\u001b[32m\"dx-datagrid-action dx-cell-focus-disabled dx-datagrid-drag-action\"\u001b[39m\n                                  \u001b[33mid\u001b[39m=\u001b[32m\"dx-col-29\"\u001b[39m\n                                  \u001b[33mrole\u001b[39m=\u001b[32m\"columnheader\"\u001b[39m\n                                  \u001b[33mstyle\u001b[39m=\u001b[32m\"text-align: left;\"\u001b[39m\n                                  \u001b[33mtabindex\u001b[39m=\u001b[32m\"0\"\u001b[39m\n                                \u001b[36m>\u001b[39m\n                                  \u001b[36m<div\u001b[39m\n                                    \u001b[33mclass\u001b[39m=\u001b[32m\"dx-column-indicators\"\u001b[39m\n                                    \u001b[33mrole\u001b[39m=\u001b[32m\"presentation\"\u001b[39m\n                                    \u001b[33mstyle\u001b[39m=\u001b[32m\"float: right;\"\u001b[39m\n                                  \u001b[36m>\u001b[39m\n                                    \u001b[36m<span\u001b[39m\n                                      \u001b[33mclass\u001b[39m=\u001b[32m\"dx-sort dx-sort-none\"\u001b[39m\n                                    \u001b[36m/>\u001b[39m\n                                  \u001b[36m</div>\u001b[39m\n                                  \u001b[36m<div\u001b[39m\n                                    \u001b[33mclass\u001b[39m=\u001b[32m\"dx-datagrid-text-content dx-text-content-alignment-left\"\u001b[39m\n                                    \u001b[33mrole\u001b[39m=\u001b[32m\"presentation\"\u001b[39m\n                                  \u001b[36m>\u001b[39m\n                                    \u001b[0mModulation\u001b[0m\n                                  \u001b[36m</div>\u001b[39m\n                                \u001b[36m</td>\u001b[39m\n                                \u001b[36m<td\u001b[39m\n                                  \u001b[33maria-colindex\u001b[39m=\u001b[32m\"2\"\u001b[39m\n                                  \u001b[33mclass\u001b[39m=\u001b[32m\"dx-command-edit dx-cell-focus-disabled\"\u001b[39m\n                                  \u001b[33mrole\u001b[39m=\u001b[32m\"gridcell\"\u001b[39m\n                                  \u001b[33mstyle\u001b[39m=\u001b[32m\"text-align: center;\"\u001b[39m\n                                \u001b[36m>\u001b[39m\n                                  \u001b[0m \u001b[0m\n                                \u001b[36m</td>\u001b[39m\n                              \u001b[36m</tr>\u001b[39m\n                              \u001b[36m<tr\u001b[39m\n                                \u001b[33mclass\u001b[39m=\u001b[32m\"dx-row dx-column-lines dx-datagrid-filter-row\"\u001b[39m\n                                \u001b[33mrole\u001b[39m=\u001b[32m\"row\"\u001b[39m\n                              \u001b[36m>\u001b[39m\n                                \u001b[36m<td\u001b[39m\n                                  \u001b[33maria-colindex\u001b[39m=\u001b[32m\"1\"\u001b[39m\n                                  \u001b[33maria-describedby\u001b[39m=\u001b[32m\"dx-col-29\"\u001b[39m\n                                  \u001b[33maria-label\u001b[39m=\u001b[32m\"Filter cell\"\u001b[39m\n                                  \u001b[33mclass\u001b[39m=\u001b[32m\"dx-editor-cell\"\u001b[39m\n                                  \u001b[33mrole\u001b[39m=\u001b[32m\"gridcell\"\u001b[39m\n                                  \u001b[33mstyle\u001b[39m=\u001b[32m\"text-align: left;\"\u001b[39m\n                                \u001b[36m>\u001b[39m\n                                  \u001b[36m<div\u001b[39m\n                                    \u001b[33mclass\u001b[39m=\u001b[32m\"dx-editor-with-menu\"\u001b[39m\n                                  \u001b[36m>\u001b[39m\n                                    \u001b[36m<div\u001b[39m\n                                      \u001b[33mclass\u001b[39m=\u001b[32m\"dx-menu dx-widget dx-visibility-change-handler dx-collection dx-menu-base dx-datagrid dx-cell-focus-disabled dx-filter-menu\"...\n\u001b[2m\u001b[22m\n\u001b[2m    \u001b[0m \u001b[90m 306 |\u001b[39m \t\t\u001b[90m// The row should be deleted\u001b[39m\u001b[22m\n\u001b[2m     \u001b[90m 307 |\u001b[39m \t\t\u001b[36mawait\u001b[39m waitFor(() \u001b[33m=>\u001b[39m {\u001b[22m\n\u001b[2m    \u001b[31m\u001b[1m>\u001b[22m\u001b[2m\u001b[39m\u001b[90m 308 |\u001b[39m \t\t\texpect(mockHandleCodingRemove)\u001b[33m.\u001b[39mtoHaveBeenCalledTimes(\u001b[35m1\u001b[39m)\u001b[33m;\u001b[39m\u001b[22m\n\u001b[2m     \u001b[90m     |\u001b[39m \t\t\t                               \u001b[31m\u001b[1m^\u001b[22m\u001b[2m\u001b[39m\u001b[22m\n\u001b[2m     \u001b[90m 309 |\u001b[39m \t\t})\u001b[33m;\u001b[39m\u001b[22m\n\u001b[2m     \u001b[90m 310 |\u001b[39m \t})\u001b[33m;\u001b[39m\u001b[22m\n\u001b[2m     \u001b[90m 311 |\u001b[39m\u001b[0m\u001b[22m\n\u001b[2m\u001b[22m\n\u001b[2m      \u001b[2mat \u001b[22m\u001b[2m\u001b[0m\u001b[36msrc/components/rfAttribute/__tests__/rfAttribute.test.tsx\u001b[39m\u001b[0m\u001b[2m:308:35\u001b[22m\u001b[2m\u001b[22m\n\u001b[2m      \u001b[2mat runWithExpensiveErrorDiagnosticsDisabled (\u001b[22m\u001b[2mnode_modules/@testing-library/react/node_modules/@testing-library/dom/dist/config.js\u001b[2m:47:12)\u001b[22m\u001b[2m\u001b[22m\n\u001b[2m      \u001b[2mat checkCallback (\u001b[22m\u001b[2mnode_modules/@testing-library/react/node_modules/@testing-library/dom/dist/wait-for.js\u001b[2m:127:77)\u001b[22m\u001b[2m\u001b[22m\n\u001b[2m      \u001b[2mat \u001b[22m\u001b[2mnode_modules/@testing-library/react/node_modules/@testing-library/dom/dist/wait-for.js\u001b[2m:70:9\u001b[22m\u001b[2m\u001b[22m\n\n\u001b[1m\u001b[31m  \u001b[1m● \u001b[22m\u001b[1mEbNo component › Delete an ebno entry\u001b[39m\u001b[22m\n\n    \u001b[2mexpect(\u001b[22m\u001b[31mjest.fn()\u001b[39m\u001b[2m).\u001b[22mtoHaveBeenCalledTimes\u001b[2m(\u001b[22m\u001b[32mexpected\u001b[39m\u001b[2m)\u001b[22m\n\n    Expected number of calls: \u001b[32m1\u001b[39m\n    Received number of calls: \u001b[31m0\u001b[39m\n\n    Ignored nodes: comments, script, style\n    \u001b[36m<html\u001b[39m\n      \u001b[33mclass\u001b[39m=\u001b[32m\"dxSafari dxWindowsPlatform dxWebKitFamily dxBrowserVersion-2 dxSafari dxWindowsPlatform dxWebKitFamily dxBrowserVersion-2\"\u001b[39m\n    \u001b[36m>\u001b[39m\n      \u001b[36m<head />\u001b[39m\n      \u001b[36m<body\u001b[39m\n        \u001b[33mclass\u001b[39m=\u001b[32m\"dx-device-desktop dx-device-generic\"\u001b[39m\n        \u001b[33mstyle\u001b[39m=\u001b[32m\"\"\u001b[39m\n      \u001b[36m>\u001b[39m\n        \u001b[36m<div>\u001b[39m\n          \u001b[36m<div\u001b[39m\n            \u001b[33mclass\u001b[39m=\u001b[32m\"MuiPaper-root MuiPaper-elevation MuiPaper-rounded MuiPaper-elevation1 MuiCard-root css-bhp9pd-MuiPaper-root-MuiCard-root\"\u001b[39m\n          \u001b[36m>\u001b[39m\n            \u001b[36m<div\u001b[39m\n              \u001b[33mclass\u001b[39m=\u001b[32m\"MuiBox-root css-0\"\u001b[39m\n            \u001b[36m/>\u001b[39m\n            \u001b[36m<hr\u001b[39m\n              \u001b[33mclass\u001b[39m=\u001b[32m\"MuiDivider-root MuiDivider-fullWidth css-9mgopn-MuiDivider-root\"\u001b[39m\n            \u001b[36m/>\u001b[39m\n            \u001b[36m<div\u001b[39m\n              \u001b[33mclass\u001b[39m=\u001b[32m\"MuiCardContent-root css-46bh2p-MuiCardContent-root\"\u001b[39m\n              \u001b[33mdata-testid\u001b[39m=\u001b[32m\"ebNoTable\"\u001b[39m\n              \u001b[33mstyle\u001b[39m=\u001b[32m\"height: 49vh;\"\u001b[39m\n            \u001b[36m>\u001b[39m\n              \u001b[36m<div\u001b[39m\n                \u001b[33mclass\u001b[39m=\u001b[32m\"makeStyles-dataTableStyle-1806 dx-widget dx-visibility-change-handler\"\u001b[39m\n                \u001b[33mid\u001b[39m=\u001b[32m\"ebNoTable\"\u001b[39m\n                \u001b[33mrole\u001b[39m=\u001b[32m\"presentation\"\u001b[39m\n              \u001b[36m>\u001b[39m\n                \u001b[36m<div\u001b[39m\n                  \u001b[33maria-label\u001b[39m=\u001b[32m\"Data grid with 4 rows and 4 columns\"\u001b[39m\n                  \u001b[33mclass\u001b[39m=\u001b[32m\"dx-datagrid dx-gridbase-container dx-datagrid-borders\"\u001b[39m\n                  \u001b[33mrole\u001b[39m=\u001b[32m\"group\"\u001b[39m\n                \u001b[36m>\u001b[39m\n                  \u001b[36m<div\u001b[39m\n                    \u001b[33mclass\u001b[39m=\u001b[32m\"dx-hidden\"\u001b[39m\n                  \u001b[36m/>\u001b[39m\n                  \u001b[36m<div\u001b[39m\n                    \u001b[33mclass\u001b[39m=\u001b[32m\"dx-datagrid-columns-separator dx-datagrid-columns-separator-transparent\"\u001b[39m\n                  \u001b[36m/>\u001b[39m\n                  \u001b[36m<div\u001b[39m\n                    \u001b[33mclass\u001b[39m=\u001b[32m\"dx-datagrid-tracker dx-state-invisible\"\u001b[39m\n                  \u001b[36m/>\u001b[39m\n                  \u001b[36m<div\u001b[39m\n                    \u001b[33mclass\u001b[39m=\u001b[32m\"dx-hidden\"\u001b[39m\n                  \u001b[36m/>\u001b[39m\n                  \u001b[36m<div\u001b[39m\n                    \u001b[33mclass\u001b[39m=\u001b[32m\"dx-datagrid-headers\"\u001b[39m\n                    \u001b[33mrole\u001b[39m=\u001b[32m\"presentation\"\u001b[39m\n                  \u001b[36m>\u001b[39m\n                    \u001b[36m<div\u001b[39m\n                      \u001b[33mclass\u001b[39m=\u001b[32m\"dx-datagrid-scrollable-simulated dx-datagrid-content dx-datagrid-scroll-container\"\u001b[39m\n                      \u001b[33mrole\u001b[39m=\u001b[32m\"presentation\"\u0
[...]
                         \u001b[33mrole\u001b[39m=\u001b[32m\"columnheader\"\u001b[39m\n                              \u001b[33mstyle\u001b[39m=\u001b[32m\"text-align: left;\"\u001b[39m\n                              \u001b[33mtabindex\u001b[39m=\u001b[32m\"0\"\u001b[39m\n                            \u001b[36m>\u001b[39m\n                              \u001b[36m<div\u001b[39m\n                                \u001b[33mclass\u001b[39m=\u001b[32m\"dx-column-indicators\"\u001b[39m\n                                \u001b[33mrole\u001b[39m=\u001b[32m\"presentation\"\u001b[39m\n                                \u001b[33mstyle\u001b[39m=\u001b[32m\"float: right;\"\u001b[39m\n                              \u001b[36m>\u001b[39m\n                                \u001b[36m<span\u001b[39m\n                                  \u001b[33mclass\u001b[39m=\u001b[32m\"dx-sort dx-sort-none\"\u001b[39m\n                                \u001b[36m/>\u001b[39m\n                              \u001b[36m</div>\u001b[39m\n                              \u001b[36m<div\u001b[39m\n                                \u001b[33mclass\u001b[39m=\u001b[32m\"dx-datagrid-text-content dx-text-content-alignment-left\"\u001b[39m\n                                \u001b[33mrole\u001b[39m=\u001b[32m\"presentation\"\u001b[39m\n                              \u001b[36m>\u001b[39m\n                                \u001b[0mModulation\u001b[0m\n                              \u001b[36m</div>\u001b[39m\n                            \u001b[36m</td>\u001b[39m\n                            \u001b[36m<td\u001b[39m\n                              \u001b[33maria-colindex\u001b[39m=\u001b[32m\"2\"\u001b[39m\n                              \u001b[33maria-label\u001b[39m=\u001b[32m\"Column Coding Type\"\u001b[39m\n                              \u001b[33maria-sort\u001b[39m=\u001b[32m\"none\"\u001b[39m\n                              \u001b[33mclass\u001b[39m=\u001b[32m\"dx-datagrid-action dx-cell-focus-disabled dx-datagrid-drag-action\"\u001b[39m\n                              \u001b[33mid\u001b[39m=\u001b[32m\"dx-col-40\"\u001b[39m\n                              \u001b[33mrole\u001b[39m=\u001b[32m\"columnheader\"\u001b[39m\n                              \u001b[33mstyle\u001b[39m=\u001b[32m\"text-align: left;\"\u001b[39m\n                              \u001b[33mtabindex\u001b[39m=\u001b[32m\"0\"\u001b[39m\n                            \u001b[36m>\u001b[39m\n                              \u001b[36m<div\u001b[39m\n                                \u001b[33mclass\u001b[39m=\u001b[32m\"dx-column-indicators\"\u001b[39m\n                                \u001b[33mrole\u001b[39m=\u001b[32m\"presentation\"\u001b[39m\n                                \u001b[33mstyle\u001b[39m=\u001b[32m\"float: right;\"\u001b[39m\n                              \u001b[36m>\u001b[39m\n                                \u001b[36m<span\u001b[39m\n                                  \u001b[33mclass\u001b[39m=\u001b[32m\"dx-sort dx-sort-none\"\u001b[39m\n                                \u001b[36m/>\u001b[39m\n                              \u001b[36m</div>\u001b[39m\n                              \u001b[36m<div\u001b[39m\n                                \u001b[33mclass\u001b[39m=\u001b[32m\"dx-datagrid-text-content dx-text-content-alignment-left\"\u001b[39m\n                                \u001b[33mrole\u001b[39m=\u001b[32m\"presentation\"\u001b[39m\n                              \u001b[36m>\u001b[39m\n                                \u001b[0mCoding Type\u001b[0m\n                              \u001b[36m</div>\u001b[39m\n                            \u001b[36m</td>\u001b[39m\n                            \u001b[36m<td\u001b[39m\n                              \u001b[33maria-colindex\u001b[39m=\u001b[32m\"3\"\u001b[39m\n                              \u001b[33maria-label\u001b[39m=\u001b[32m\"Column Coding Rate\"\u001b[39m\n                              \u001b[33maria-sort\u001b[39m=\u001b[32m\"none\"\u001b[39m\n                              \u001b[33mclass\u001b[39m=\u001b[32m\"dx-datagrid-action dx-cell-focus-disabled dx-datagrid-drag-action\"\u001b[39m\n                              \u001b[33mid\u001b[39m=\u001b[32m\"dx-col-41\"\u001b[39m\n                              \u001b[33mrole\u001b[39m=\u001b[32m\"columnheader\"\u001b[39m\n                       ...\n\u001b[2m\u001b[22m\n\u001b[2m    \u001b[0m \u001b[90m 442 |\u001b[39m \t\t\u001b[90m// The row should be deleted\u001b[39m\u001b[22m\n\u001b[2m     \u001b[90m 443 |\u001b[39m \t\t\u001b[36mawait\u001b[39m waitFor(() \u001b[33m=>\u001b[39m {\u001b[22m\n\u001b[2m    \u001b[31m\u001b[1m>\u001b[22m\u001b[2m\u001b[39m\u001b[90m 444 |\u001b[39m \t\t\texpect(mockHandleRemoveEbNo)\u001b[33m.\u001b[39mtoHaveBeenCalledTimes(\u001b[35m1\u001b[39m)\u001b[33m;\u001b[39m\u001b[22m\n\u001b[2m     \u001b[90m     |\u001b[39m \t\t\t                             \u001b[31m\u001b[1m^\u001b[22m\u001b[2m\u001b[39m\u001b[22m\n\u001b[2m     \u001b[90m 445 |\u001b[39m \t\t})\u001b[33m;\u001b[39m\u001b[22m\n\u001b[2m     \u001b[90m 446 |\u001b[39m \t})\u001b[33m;\u001b[39m\u001b[22m\n\u001b[2m     \u001b[90m 447 |\u001b[39m\u001b[0m\u001b[22m\n\u001b[2m\u001b[22m\n\u001b[2m      \u001b[2mat \u001b[22m\u001b[2m\u001b[0m\u001b[36msrc/components/rfAttribute/__tests__/rfAttribute.test.tsx\u001b[39m\u001b[0m\u001b[2m:444:33\u001b[22m\u001b[2m\u001b[22m\n\u001b[2m      \u001b[2mat runWithExpensiveErrorDiagnosticsDisabled (\u001b[22m\u001b[2mnode_modules/@testing-library/react/node_modules/@testing-library/dom/dist/config.js\u001b[2m:47:12)\u001b[22m\u001b[2m\u001b[22m\n\u001b[2m      \u001b[2mat checkCallback (\u001b[22m\u001b[2mnode_modules/@testing-library/react/node_modules/@testing-library/dom/dist/wait-for.js\u001b[2m:127:77)\u001b[22m\u001b[2m\u001b[22m\n\u001b[2m      \u001b[2mat \u001b[22m\u001b[2mnode_modules/@testing-library/react/node_modules/@testing-library/dom/dist/wait-for.js\u001b[2m:70:9\u001b[22m\u001b[2m\u001b[22m\n\n\u001b[1m\u001b[31m  \u001b[1m● \u001b[22m\u001b[1mEbNo component › Create new Eb/No entry \u001b[39m\u001b[22m\n\n    TestingLibraryElementError: Unable to find an accessible element with the role \"button\"\n\n    Here are the accessible roles:\n\n      combobox:\n\n      Name \"\":\n      \u001b[36m<div\u001b[39m\n        \u001b[33maria-controls\u001b[39m=\u001b[32m\":r1f:\"\u001b[39m\n        \u001b[33maria-expanded\u001b[39m=\u001b[32m\"false\"\u001b[39m\n        \u001b[33maria-haspopup\u001b[39m=\u001b[32m\"listbox\"\u001b[39m\n        \u001b[33maria-labelledby\u001b[39m=\u001b[32m\"mui-component-select-codingType\"\u001b[39m\n        \u001b[33mclass\u001b[39m=\u001b[32m\"MuiSelect-select MuiSelect-outlined MuiInputBase-input MuiOutlinedInput-input MuiInputBase-inputSizeSmall css-jedpe8-MuiSelect-select-MuiInputBase-input-MuiOutlinedInput-input\"\u001b[39m\n        \u001b[33mid\u001b[39m=\u001b[32m\"mui-component-select-codingType\"\u001b[39m\n        \u001b[33mrole\u001b[39m=\u001b[32m\"combobox\"\u001b[39m\n        \u001b[33mtabindex\u001b[39m=\u001b[32m\"0\"\u001b[39m\n      \u001b[36m/>\u001b[39m\n\n      --------------------------------------------------\n\n    Ignored nodes: comments, script, style\n    \u001b[36m<div\u001b[39m\n      \u001b[33mclass\u001b[39m=\u001b[32m\"MuiInputBase-root MuiOutlinedInput-root MuiInputBase-colorPrimary MuiInputBase-fullWidth MuiInputBase-formControl MuiInputBase-sizeSmall makeStyles-noOutline-1897 css-1ualgfl-MuiInputBase-root-MuiOutlinedInput-root-MuiSelect-root\"\u001b[39m\n      \u001b[33mdata-testid\u001b[39m=\u001b[32m\"test_id_coding_type\"\u001b[39m\n      \u001b[33mrequired\u001b[39m=\u001b[32m\"\"\u001b[39m\n    \u001b[36m>\u001b[39m\n      \u001b[36m<div\u001b[39m\n        \u001b[33maria-controls\u001b[39m=\u001b[32m\":r1f:\"\u001b[39m\n        \u001b[33maria-expanded\u001b[39m=\u001b[32m\"false\"\u001b[39m\n        \u001b[33maria-haspopup\u001b[39m=\u001b[32m\"listbox\"\u001b[39m\n        \u001b[33maria-labelledby\u001b[39m=\u001b[32m\"mui-component-select-codingType\"\u001b[39m\n        \u001b[33mclass\u001b[39m=\u001b[32m\"MuiSelect-select MuiSelect-outlined MuiInputBase-input MuiOutlinedInput-input MuiInputBase-inputSizeSmall css-jedpe8-MuiSelect-select-MuiInputBase-input-MuiOutlinedInput-input\"\u001b[39m\n        \u001b[33mid\u001b[39m=\u001b[32m\"mui-component-select-codingType\"\u001b[39m\n        \u001b[33mrole\u001b[39m=\u001b[32m\"combobox\"\u001b[39m\n        \u001b[33mtabindex\u001b[39m=\u001b[32m\"0\"\u001b[39m\n      \u001b[36m>\u001b[39m\n        \u001b[36m<span\u001b[39m\n          \u001b[33mclass\u001b[39m=\u001b[32m\"notranslate\"\u001b[39m\n        \u001b[36m>\u001b[39m\n          \u001b[0m​\u001b[0m\n        \u001b[36m</span>\u001b[39m\n      \u001b[36m</div>\u001b[39m\n      \u001b[36m<input\u001b[39m\n        \u001b[33maria-hidden\u001b[39m=\u001b[32m\"true\"\u001b[39m\n        \u001b[33maria-invalid\u001b[39m=\u001b[32m\"false\"\u001b[39m\n        \u001b[33mclass\u001b[39m=\u001b[32m\"MuiSelect-nativeInput css-yf8vq0-MuiSelect-nativeInput\"\u001b[39m\n        \u001b[33mname\u001b[39m=\u001b[32m\"codingType\"\u001b[39m\n        \u001b[33mrequired\u001b[39m=\u001b[32m\"\"\u001b[39m\n        \u001b[33mtabindex\u001b[39m=\u001b[32m\"-1\"\u001b[39m\n        \u001b[33mvalue\u001b[39m=\u001b[32m\"\"\u001b[39m\n      \u001b[36m/>\u001b[39m\n      \u001b[36m<svg\u001b[39m\n        \u001b[33maria-hidden\u001b[39m=\u001b[32m\"true\"\u001b[39m\n        \u001b[33mclass\u001b[39m=\u001b[32m\"MuiSvgIcon-root MuiSvgIcon-fontSizeMedium MuiSelect-icon MuiSelect-iconOutlined css-hfutr2-MuiSvgIcon-root-MuiSelect-icon\"\u001b[39m\n        \u001b[33mdata-testid\u001b[39m=\u001b[32m\"ArrowDropDownIcon\"\u001b[39m\n        \u001b[33mfocusable\u001b[39m=\u001b[32m\"false\"\u001b[39m\n        \u001b[33mviewBox\u001b[39m=\u001b[32m\"0 0 24 24\"\u001b[39m\n      \u001b[36m>\u001b[39m\n        \u001b[36m<path\u001b[39m\n          \u001b[33md\u001b[39m=\u001b[32m\"M7 10l5 5 5-5z\"\u001b[39m\n        \u001b[36m/>\u001b[39m\n      \u001b[36m</svg>\u001b[39m\n      \u001b[36m<fieldset\u001b[39m\n        \u001b[33maria-hidden\u001b[39m=\u001b[32m\"true\"\u001b[39m\n        \u001b[33mclass\u001b[39m=\u001b[32m\"MuiOutlinedInput-notchedOutline css-1d3z3hw-MuiOutlinedInput-notchedOutline\"\u001b[39m\n      \u001b[36m>\u001b[39m\n        \u001b[36m<legend\u001b[39m\n          \u001b[33mclass\u001b[39m=\u001b[32m\"css-ihdtdm\"\u001b[39m\n        \u001b[36m>\u001b[39m\n          \u001b[36m<span\u001b[39m\n            \u001b[33mclass\u001b[39m=\u001b[32m\"notranslate\"\u001b[39m\n          \u001b[36m>\u001b[39m\n            \u001b[0m​\u001b[0m\n          \u001b[36m</span>\u001b[39m\n        \u001b[36m</legend>\u001b[39m\n      \u001b[36m</fieldset>\u001b[39m\n    \u001b[36m</div>\u001b[39m\n\u001b[2m\u001b[22m\n\u001b[2m    \u001b[0m \u001b[90m 470 |\u001b[39m \t\t\u001b[90m// Simulate change Coding Types Dropdown\u001b[39m\u001b[22m\n\u001b[2m     \u001b[90m 471 |\u001b[39m \t\t\u001b[36mconst\u001b[39m codingTypeDropDown \u001b[33m=\u001b[39m screen\u001b[33m.\u001b[39mgetByTestId(\u001b[32m'test_id_coding_type'\u001b[39m)\u001b[33m;\u001b[39m\u001b[22m\n\u001b[2m    \u001b[31m\u001b[1m>\u001b[22m\u001b[2m\u001b[39m\u001b[90m 472 |\u001b[39m \t\t\u001b[36mconst\u001b[39m codingTypeButton \u001b[33m=\u001b[39m within(codingTypeDropDown)\u001b[33m.\u001b[39mgetByRole(\u001b[32m'button'\u001b[39m)\u001b[33m;\u001b[39m\u001b[22m\n\u001b[2m     \u001b[90m     |\u001b[39m \t\t                                                    \u001b[31m\u001b[1m^\u001b[22m\u001b[2m\u001b[39m\u001b[22m\n\u001b[2m     \u001b[90m 473 |\u001b[39m \t\texpect(codingTypeButton)\u001b[33m.\u001b[39mtoBeInTheDocument()\u001b[33m;\u001b[39m\u001b[22m\n\u001b[2m     \u001b[90m 474 |\u001b[39m \t\tfireEvent\u001b[33m.\u001b[39mmouseDown(codingTypeButton)\u001b[33m;\u001b[39m\u001b[22m\n\u001b[2m     \u001b[90m 475 |\u001b[39m \t\t\u001b[36mconst\u001b[39m codingTypeList \u001b[33m=\u001b[39m within(screen\u001b[33m.\u001b[39mgetByRole(\u001b[32m'presentation'\u001b[39m))\u001b[33m.\u001b[39mgetByRole(\u001b[32m'listbox'\u001b[39m)\u001b[33m;\u001b[39m\u001b[0m\u001b[22m\n\u001b[2m\u001b[22m\n\u001b[2m      \u001b[2mat Object.getElementError (\u001b[22m\u001b[2mnode_modules/@testing-library/react/node_modules/@testing-library/dom/dist/config.js\u001b[2m:37:19)\u001b[22m\u001b[2m\u001b[22m\n\u001b[2m      \u001b[2mat \u001b[22m\u001b[2mnode_modules/@testing-library/react/node_modules/@testing-library/dom/dist/query-helpers.js\u001b[2m:76:38\u001b[22m\u001b[2m\u001b[22m\n\u001b[2m      \u001b[2mat \u001b[22m\u001b[2mnode_modules/@testing-library/react/node_modules/@testing-library/dom/dist/query-helpers.js\u001b[2m:52:17\u001b[22m\u001b[2m\u001b[22m\n\u001b[2m      \u001b[2mat \u001b[22m\u001b[2mnode_modules/@testing-library/react/node_modules/@testing-library/dom/dist/query-helpers.js\u001b[2m:95:19\u001b[22m\u001b[2m\u001b[22m\n\u001b[2m      \u001b[2mat \u001b[22m\u001b[2m\u001b[0m\u001b[36msrc/components/rfAttribute/__tests__/rfAttribute.test.tsx\u001b[39m\u001b[0m\u001b[2m:472:55\u001b[22m\u001b[2m\u001b[22m\n\u001b[2m      \u001b[2mat fulfilled (\u001b[22m\u001b[2m\u001b[0m\u001b[36msrc/components/rfAttribute/__tests__/rfAttribute.test.tsx\u001b[39m\u001b[0m\u001b[2m:5:58)\u001b[22m\u001b[2m\u001b[22m\n","name":"E:\\RCHH_Works\\Mr.CholMin\\2024-04-23\\ComponentLibrary\\src\\components\\rfAttribute\\__tests__\\rfAttribute.test.tsx","startTime":1715443988813,"status":"failed","summary":""},{"assertionResults":[{"ancestorTitles":["LinkBudget Component Render"],"duration":2154,"failureDetails":[],"failureMessages":[],"fullName":"LinkBudget Component Render Component renders without crashing","invocations":1,"location":null,"numPassingAsserts":1,"retryReasons":[],"status":"passed","title":"Component renders without crashing"},{"ancestorTitles":["Create New Link Budget"],"duration":2772,"failureDetails":[],"failureMessages":[],"fullName":"Create New Link Budget Click on the new button on edit mode, display new Link budget screen","invocations":1,"location":null,"numPassingAsserts":4,"retryReasons":[],"status":"passed","title":"Click on the new button on edit mode, display new Link budget screen"},{"ancestorTitles":["Create New Link Budget"],"duration":1709,"failureDetails":[],"failureMessages":[],"fullName":"Create New Link Budget Populate the group, Item Name, Item Title, Value, JSONata Equation, and Notes columns with default values","invocations":1,"location":null,"numPassingAsserts":4,"retryReasons":[],"status":"passed","title":"Populate the group, Item Name, Item Title, Value, JSONata Equation, and Notes columns with default values"},{"ancestorTitles":["Create New Link Budget"],"duration":2337,"failureDetails":[],"failureMessages":[],"fullName":"Create New Link Budget Click on the insert new below option to add a new line, populate new lines with default values","invocations":1,"location":null,"numPassingAsserts":4,"retryReasons":[],"status":"passed","title":"Click on the insert new below option to add a new line, populate new lines with default values"},{"ancestorTitles":["Create New Link Budget"],"duration":2104,"failureDetails":[],"failureMessages":[],"fullName":"Create New Link Budget Click on the insert new above option to add a new line, populate new lines with default values","invocations":1,"location":null,"numPassingAsserts":5,"retryReasons":[],"status":"passed","title":"Click on the insert new above option to add a new line, populate new lines with default values"},{"ancestorTitles":["Create New Link Budget"],"duration":2684,"failureDetails":[],"failureMessages":[],"fullName":"Create New Link Budget Click on the Save button to save the current layout","invocations":1,"location":null,"numPassingAsserts":2,"retryReasons":[],"status":"passed","title":"Click on the Save button to save the current layout"},{"ancestorTitles":["Create New Link Budget"],"duration":1725,"failureDetails":[],"failureMessages":[],"fullName":"Create New Link Budget Click on the Save as button to save as new link budget template name the current layout","invocations":1,"location":null,"numPassingAsserts":3,"retryReasons":[],"status":"passed","title":"Click on the Save as button to save as new link budget template name the current layout"},{"ancestorTitles":["Edit Link Budget"],"duration":666,"failureDetails":[],"failureMessages":[],"fullName":"Edit Link Budget Display edit mode correctly","invocations":1,"location":null,"numPassingAsserts":2,"retryReasons":[],"status":"passed","title":"Display edit mode correctly"},{"ancestorTitles":["Edit Link Budget"],"duration":684,"failureDetails":[],"failureMessages":[],"fullName":"Edit Link Budget Left-Click and select the “Ungroup All” Option, table should be ungrouped","invocations":1,"location":null,"numPassingAsserts":1,"retryReasons":[],"status":"passed","title":"Left-Click and select the “Ungroup All” Option, table should be ungrouped"},{"ancestorTitles":["Edit Link Budget"],"duration":586,"failureDetails":[],"failureMessages":[],"fullName":"Edit Link Budget Ensure move a row number five down to a new group works or not","invocations":1,"location":null,"numPassingAsserts":1,"retryReasons":[],"status":"passed","title":"Ensure move a row number five down to a new group works or not"},{"ancestorTitles":["Edit Link Budget"],"duration":564,"failureDetails":[],"failureMessages":[],"fullName":"Edit Link Budget Click on the pencil icon of one of the rows, display edit popup","invocations":1,"location":null,"numPassingAsserts":1,"retryReasons":[],"status":"passed","title":"Click on the pencil icon of one of the rows, display edit popup"},{"ancestorTitles":["Edit Link Budget"],"duration":637,"failureDetails":[],"failureMessages":[],"fullName":"Edit Link Budget Ensure change JSON equation works correctly","invocations":1,"location":null,"numPassingAsserts":1,"retryReasons":[],"status":"passed","title":"Ensure change JSON equation works correctly"},{"ancestorTitles":["Edit Link Budget"],"duration":601,"failureDetails":[],"failureMessages":[],"fullName":"Edit Link Budget Click on the trash icon delete just updated row","invocations":1,"location":null,"numPassingAsserts":1,"retryReasons":[],"status":"passed","title":"Click on the trash icon delete just updated row"},{"ancestorTitles":["Edit Link Budget"],"duration":1013,"failureDetails":[],"failureMessages":[],"fullName":"Edit Link Budget Click on the \"SAVE\" button to save the current configuration","invocations":1,"location":null,"numPassingAsserts":2,"retryReasons":[],"status":"passed","title":"Click on the \"SAVE\" button to save the current configuration"},{"ancestorTitles":["Edit Link Budget"],"duration":871,"failureDetails":[],"failureMessages":[],"fullName":"Edit Link Budget Click on the \"Done Editing\" Button to close the view","invocations":1,"location":null,"numPassingAsserts":2,"retryReasons":[],"status":"passed","title":"Click on the \"Done Editing\" Button to close the view"},{"ancestorTitles":["Delete Link Budget"],"duration":470,"failureDetails":[],"failureMessages":[],"fullName":"Delete Link Budget Click on the other templates button, display template select popup","invocations":1,"location":null,"numPassingAsserts":2,"retryReasons":[],"status":"passed","title":"Click on the other templates button, display template select popup"},{"ancestorTitles":["Delete Link Budget"],"duration":581,"failureDetails":[],"failureMessages":[],"fullName":"Delete Link Budget Click on the “X” to the right side of the name, The link budget should delete without issue","invocations":1,"location":null,"numPassingAsserts":1,"retryReasons":[],"status":"passed","title":"Click on the “X” to the right side of the name, The link budget should delete without issue"}],"endTime":1715444256783,"message":"","name":"E:\\RCHH_Works\\Mr.CholMin\\2024-04-23\\ComponentLibrary\\src\\components\\link-budget\\__tests__\\link-budget.test.tsx","startTime":1715443988812,"status":"passed","summary":""}],"wasInterrupted":false}
